#
# A fatal error has been detected by the Java Runtime Environment:
#
#  EXCEPTION_ACCESS_VIOLATION (0xc0000005) at pc=0x00007ffef8ef02d0, pid=24804, tid=15736
#
# JRE version: OpenJDK Runtime Environment (22.0.2+9) (build 22.0.2+9-70)
# Java VM: OpenJDK 64-Bit Server VM (22.0.2+9-70, mixed mode, sharing, tiered, compressed oops, compressed class ptrs, g1 gc, windows-amd64)
# Problematic frame:
# V  [jvm.dll+0x1402d0]
#
# No core dump will be written. Minidumps are not enabled by default on client versions of Windows
#
# If you would like to submit a bug report, please visit:
#   https://bugreport.java.com/bugreport/crash.jsp
#

---------------  S U M M A R Y ------------

Command Line: -javaagent:C:\Program Files\JetBrains\IntelliJ IDEA Community Edition 2024.1\lib\idea_rt.jar=50302:C:\Program Files\JetBrains\IntelliJ IDEA Community Edition 2024.1\bin -Dfile.encoding=UTF-8 -Dsun.stdout.encoding=UTF-8 -Dsun.stderr.encoding=UTF-8 com.ThreeGame.ThreeGame.ThreeGameApplication

Host: Intel(R) Core(TM) i9-14900HX, 32 cores, 31G,  Windows 11 , 64 bit Build 22621 (10.0.22621.3958)
Time: Wed Sep 11 13:55:03 2024 ora legale Europa occidentale elapsed time: 197.594286 seconds (0d 0h 3m 17s)

---------------  T H R E A D  ---------------

Current thread (0x00000208548ddee0):  JavaThread "C2 CompilerThread0" daemon [_thread_in_native, id=15736, stack(0x0000000ce5600000,0x0000000ce5700000) (1024K)]


Current CompileTask:
C2:197594 8357       4       org.springframework.boot.devtools.filewatch.DirectorySnapshot::collectFiles (99 bytes)

Stack: [0x0000000ce5600000,0x0000000ce5700000],  sp=0x0000000ce56fcff0,  free space=1011k
Native frames: (J=compiled Java code, j=interpreted, Vv=VM code, C=native code)
V  [jvm.dll+0x1402d0]  (no source info available)
V  [jvm.dll+0x13fd48]  (no source info available)
V  [jvm.dll+0x24778e]  (no source info available)
V  [jvm.dll+0x246e9f]  (no source info available)
V  [jvm.dll+0x1c4e80]  (no source info available)
V  [jvm.dll+0x2568f3]  (no source info available)
V  [jvm.dll+0x254baa]  (no source info available)
V  [jvm.dll+0x3f57a6]  (no source info available)
V  [jvm.dll+0x81dc0b]  (no source info available)
V  [jvm.dll+0x6e0d85]  (no source info available)
C  [ucrtbase.dll+0x29333]  (no source info available)
C  [KERNEL32.DLL+0x1257d]  (no source info available)
C  [ntdll.dll+0x5af28]  (no source info available)


siginfo: EXCEPTION_ACCESS_VIOLATION (0xc0000005), reading address 0xffffffffffffffff


Registers:
RAX=0x000000000000cfb8, RBX=0x00000208a39c50f0, RCX=0x00007ffef8fd7420, RDX=0xccccc30000074c78
RSP=0x0000000ce56fcff0, RBP=0x00000208a1045408, RSI=0x0000000000000070, RDI=0x000002089f5eb748
R8 =0xccccc3000000ceb8, R9 =0x00007ffef971f890, R10=0x0000000ce56fea08, R11=0x0000000000000000
R12=0x0000000ce56fd1e0, R13=0x00000208548e0b90, R14=0x00000208a1045408, R15=0x00000208a1045408
RIP=0x00007ffef8ef02d0, EFLAGS=0x0000000000010286


Register to memory mapping:

RAX=0x000000000000cfb8 is an unknown value
RBX=0x00000208a39c50f0 points into unknown readable memory: 0x00007ffef9760ba8 | a8 0b 76 f9 fe 7f 00 00
RCX=0x00007ffef8fd7420 jvm.dll
RDX=0xccccc30000074c78 is an unknown value
RSP=0x0000000ce56fcff0 is pointing into the stack for thread: 0x00000208548ddee0
RBP=0x00000208a1045408 points into unknown readable memory: 0x00007ffef971f890 | 90 f8 71 f9 fe 7f 00 00
RSI=0x0000000000000070 is an unknown value
RDI=0x000002089f5eb748 points into unknown readable memory: 0x00007ffef9761050 | 50 10 76 f9 fe 7f 00 00
R8 =0xccccc3000000ceb8 is an unknown value
R9 =0x00007ffef971f890 jvm.dll
R10=0x0000000ce56fea08 is pointing into the stack for thread: 0x00000208548ddee0
R11=0x0 is null
R12=0x0000000ce56fd1e0 is pointing into the stack for thread: 0x00000208548ddee0
R13=0x00000208548e0b90 points into unknown readable memory: 0x0000000000000000 | 00 00 00 00 00 00 00 00
R14=0x00000208a1045408 points into unknown readable memory: 0x00007ffef971f890 | 90 f8 71 f9 fe 7f 00 00
R15=0x00000208a1045408 points into unknown readable memory: 0x00007ffef971f890 | 90 f8 71 f9 fe 7f 00 00

Top of Stack: (sp=0x0000000ce56fcff0)
0x0000000ce56fcff0:   00000208a39c3c10 0000000000000070
0x0000000ce56fd000:   00000208a2fb8e78 00000208a1045748
0x0000000ce56fd010:   0000000ce56fd3f0 0000000000000001
0x0000000ce56fd020:   00000208a2f62720 00000208a2f71a00
0x0000000ce56fd030:   00000208a2f60aa0 00000208548db780
0x0000000ce56fd040:   0000020800000200 000002089a7c4f10
0x0000000ce56fd050:   0000020800000200 00000208548db780
0x0000000ce56fd060:   000002089d4c9a58 00000208548e0b90
0x0000000ce56fd070:   0000000ce56fd1e0 0000000ce56fd3f0
0x0000000ce56fd080:   000002089d4ceb48 00000208548db780
0x0000000ce56fd090:   000002089c3970d8 00007ffef8eefd48
0x0000000ce56fd0a0:   0000000ce56fd1e0 0000020800000325
0x0000000ce56fd0b0:   000002089d4c6b60 0000000000000001
0x0000000ce56fd0c0:   00000208548e0c00 00000208548e0bb0
0x0000000ce56fd0d0:   00007ffef978a170 0000000000000000
0x0000000ce56fd0e0:   0000000ce56fe760 00007ffef8ff778e
0x0000000ce56fd0f0:   000000000019d270 00000208548e0b90
0x0000000ce56fd100:   0000000ce56fd1f0 0000000ce56fe8e0
0x0000000ce56fd110:   0000000000000000 0000000000000000
0x0000000ce56fd120:   0000000000000000 0000000000000000
0x0000000ce56fd130:   0000000000000000 0000000000000000
0x0000000ce56fd140:   0000000000000000 00007ffef978a170
0x0000000ce56fd150:   0000000000000000 0000000ce56fe760
0x0000000ce56fd160:   0000000000000000 00007ffef978a170
0x0000000ce56fd170:   0000000000000000 0000000000000000
0x0000000ce56fd180:   0000000000000000 0000000000000000
0x0000000ce56fd190:   0000000000000000 0000000000000000
0x0000000ce56fd1a0:   0000000000000000 0000000000000000
0x0000000ce56fd1b0:   0000000000000000 0000000000000000
0x0000000ce56fd1c0:   0000000000000000 0000000000000000
0x0000000ce56fd1d0:   0000000000000000 0000000000000000
0x0000000ce56fd1e0:   0000000000000007 0000000ce56fe760 

Instructions: (pc=0x00007ffef8ef02d0)
0x00007ffef8ef01d0:   06 83 e1 0f 80 f9 09 0f 94 c0 84 c0 74 c3 8b 4f
0x00007ffef8ef01e0:   2c 8b c1 24 3f 3c 20 75 09 48 8b 47 08 48 3b 38
0x00007ffef8ef01f0:   eb 06 83 e1 0f 80 f9 09 0f 94 c0 84 c0 0f 85 1a
0x00007ffef8ef0200:   01 00 00 be 70 00 00 00 42 38 04 2e 75 05 e8 15
0x00007ffef8ef0210:   58 7d 00 b8 20 00 00 00 4a 8b 04 28 48 8b 88 70
0x00007ffef8ef0220:   06 00 00 48 8b 81 80 00 00 00 4c 8b 88 d8 02 00
0x00007ffef8ef0230:   00 49 8b 49 18 49 8b 41 20 48 2b c1 48 83 f8 40
0x00007ffef8ef0240:   72 0a 48 8d 41 40 49 89 41 18 eb 12 45 33 c0 49
0x00007ffef8ef0250:   8b c9 41 8d 50 40 e8 15 3c f8 ff 48 8b c8 48 85
0x00007ffef8ef0260:   c9 74 0f ba 02 00 00 00 e8 73 dc f8 ff 48 8b d8
0x00007ffef8ef0270:   eb 02 33 db 48 8b 43 08 48 89 78 08 48 83 7f 10
0x00007ffef8ef0280:   00 74 1e 8b 57 20 3b 57 24 75 08 48 8b cf e8 0d
0x00007ffef8ef0290:   ff 57 00 8b 4f 20 48 8b 47 10 48 89 1c c8 ff 47
0x00007ffef8ef02a0:   20 42 80 3c 2e 00 75 05 e8 7b 57 7d 00 4d 8b 0e
0x00007ffef8ef02b0:   49 8b 09 48 85 c9 74 2e 4c 8b 41 10 4d 85 c0 74
0x00007ffef8ef02c0:   25 8b 41 20 49 8d 14 c0 0f 1f 84 00 00 00 00 00
0x00007ffef8ef02d0:   4c 39 7a f8 48 8d 52 f8 75 f6 ff c8 89 41 20 49
0x00007ffef8ef02e0:   8b 0c c0 48 89 0a 49 89 19 48 83 7b 10 00 74 1e
0x00007ffef8ef02f0:   8b 53 20 3b 53 24 75 08 48 8b cb e8 a0 fe 57 00
0x00007ffef8ef0300:   8b 4b 20 48 8b 43 10 4c 89 3c c8 ff 43 20 42 80
0x00007ffef8ef0310:   3c 2e 00 75 05 e8 0e 57 7d 00 48 8b fb 49 8b 54
0x00007ffef8ef0320:   24 48 b9 90 00 00 00 e8 74 e3 f7 ff 45 33 ff 48
0x00007ffef8ef0330:   8b f0 48 85 c0 0f 84 d4 00 00 00 4d 8b 74 24 48
0x00007ffef8ef0340:   4c 89 78 08 48 8d 05 35 52 87 00 48 89 06 c7 46
0x00007ffef8ef0350:   18 04 00 00 00 4c 89 76 10 49 8b 4e 18 49 8b 46
0x00007ffef8ef0360:   20 48 2b c1 48 83 f8 20 72 0a 48 8d 41 20 49 89
0x00007ffef8ef0370:   46 18 eb 12 45 33 c0 49 8b ce 41 8d 50 20 e8 ed
0x00007ffef8ef0380:   3a f8 ff 48 8b c8 44 8b 46 18 33 d2 49 c1 e0 03
0x00007ffef8ef0390:   48 89 4e 20 e8 a9 69 7d 00 48 8d 4e 30 44 89 7e
0x00007ffef8ef03a0:   28 49 8b d6 e8 c7 f5 ff ff 44 8b 76 28 4c 89 7e
0x00007ffef8ef03b0:   48 4c 89 7e 58 4c 89 7e 60 41 8d 46 01 44 89 7e
0x00007ffef8ef03c0:   6c 89 46 28 48 c7 46 70 01 00 00 00 48 c7 46 78 


Stack slot to memory mapping:

stack at sp + 0 slots: 0x00000208a39c3c10 points into unknown readable memory: 0x00007ffef9760ba8 | a8 0b 76 f9 fe 7f 00 00
stack at sp + 1 slots: 0x0000000000000070 is an unknown value
stack at sp + 2 slots: 0x00000208a2fb8e78 points into unknown readable memory: 0x00007ffef971fa10 | 10 fa 71 f9 fe 7f 00 00
stack at sp + 3 slots: 0x00000208a1045748 points into unknown readable memory: 0x00007ffef9765580 | 80 55 76 f9 fe 7f 00 00
stack at sp + 4 slots: 0x0000000ce56fd3f0 is pointing into the stack for thread: 0x00000208548ddee0
stack at sp + 5 slots: 0x0000000000000001 is an unknown value
stack at sp + 6 slots: 0x00000208a2f62720 points into unknown readable memory: 0x00000208a2fb8af0 | f0 8a fb a2 08 02 00 00
stack at sp + 7 slots: 0x00000208a2f71a00 points into unknown readable memory: 0x0000000000000000 | 00 00 00 00 00 00 00 00


---------------  P R O C E S S  ---------------

Threads class SMR info:
_java_thread_list=0x000002089c75a450, length=31, elements={
0x0000020850fae870, 0x00000208548d3f00, 0x00000208548d54c0, 0x00000208548d7f30,
0x00000208548da9a0, 0x00000208548de740, 0x00000208548ddee0, 0x00000208548ead60,
0x0000020854b7c890, 0x000002089a1212c0, 0x000002089a13fb90, 0x00000208a2ba1420,
0x00000208a34d2530, 0x00000208a325d7d0, 0x000002089cc3b5d0, 0x000002089a6208d0,
0x000002089e5a1c80, 0x000002089e757650, 0x000002089e7562a0, 0x000002089e758370,
0x000002089e756930, 0x000002089e756fc0, 0x000002089e757ce0, 0x000002089e759db0,
0x000002089e758a00, 0x000002089e753b40, 0x000002089e752e20, 0x000002089e754ef0,
0x000002089e75a440, 0x000002089e759090, 0x000002089e759720
}

Java Threads: ( => current thread )
  0x0000020850fae870 JavaThread "Reference Handler"          daemon [_thread_blocked, id=23496, stack(0x0000000ce5000000,0x0000000ce5100000) (1024K)]
  0x00000208548d3f00 JavaThread "Finalizer"                  daemon [_thread_blocked, id=11268, stack(0x0000000ce5100000,0x0000000ce5200000) (1024K)]
  0x00000208548d54c0 JavaThread "Signal Dispatcher"          daemon [_thread_blocked, id=35756, stack(0x0000000ce5200000,0x0000000ce5300000) (1024K)]
  0x00000208548d7f30 JavaThread "Attach Listener"            daemon [_thread_blocked, id=28068, stack(0x0000000ce5300000,0x0000000ce5400000) (1024K)]
  0x00000208548da9a0 JavaThread "Service Thread"             daemon [_thread_blocked, id=27460, stack(0x0000000ce5400000,0x0000000ce5500000) (1024K)]
  0x00000208548de740 JavaThread "Monitor Deflation Thread"   daemon [_thread_blocked, id=25504, stack(0x0000000ce5500000,0x0000000ce5600000) (1024K)]
=>0x00000208548ddee0 JavaThread "C2 CompilerThread0"         daemon [_thread_in_native, id=15736, stack(0x0000000ce5600000,0x0000000ce5700000) (1024K)]
  0x00000208548ead60 JavaThread "C1 CompilerThread0"         daemon [_thread_blocked, id=39420, stack(0x0000000ce5700000,0x0000000ce5800000) (1024K)]
  0x0000020854b7c890 JavaThread "Common-Cleaner"             daemon [_thread_blocked, id=44132, stack(0x0000000ce5900000,0x0000000ce5a00000) (1024K)]
  0x000002089a1212c0 JavaThread "Monitor Ctrl-Break"         daemon [_thread_in_native, id=28804, stack(0x0000000ce5d00000,0x0000000ce5e00000) (1024K)]
  0x000002089a13fb90 JavaThread "Notification Thread"        daemon [_thread_blocked, id=48480, stack(0x0000000ce5e00000,0x0000000ce5f00000) (1024K)]
  0x00000208a2ba1420 JavaThread "PostgreSQL-JDBC-Cleaner"    daemon [_thread_blocked, id=29724, stack(0x0000000ce6f00000,0x0000000ce7000000) (1024K)]
  0x00000208a34d2530 JavaThread "HikariPool-1 housekeeper"   daemon [_thread_blocked, id=47904, stack(0x0000000ce7000000,0x0000000ce7100000) (1024K)]
  0x00000208a325d7d0 JavaThread "Catalina-utility-1"                [_thread_blocked, id=44460, stack(0x0000000ce7400000,0x0000000ce7500000) (1024K)]
  0x000002089cc3b5d0 JavaThread "Catalina-utility-2"                [_thread_blocked, id=12152, stack(0x0000000ce7500000,0x0000000ce7600000) (1024K)]
  0x000002089a6208d0 JavaThread "container-0"                       [_thread_blocked, id=38968, stack(0x0000000ce8600000,0x0000000ce8700000) (1024K)]
  0x000002089e5a1c80 JavaThread "File Watcher"               daemon [_thread_blocked, id=29284, stack(0x0000000ce8900000,0x0000000ce8a00000) (1024K)]
  0x000002089e757650 JavaThread "Live Reload Server"         daemon [_thread_in_native, id=34688, stack(0x0000000ce8b00000,0x0000000ce8c00000) (1024K)]
  0x000002089e7562a0 JavaThread "http-nio-0.0.0.0-8080-exec-1" daemon [_thread_blocked, id=9788, stack(0x0000000ce8a00000,0x0000000ce8b00000) (1024K)]
  0x000002089e758370 JavaThread "http-nio-0.0.0.0-8080-exec-2" daemon [_thread_blocked, id=26172, stack(0x0000000ce8c00000,0x0000000ce8d00000) (1024K)]
  0x000002089e756930 JavaThread "http-nio-0.0.0.0-8080-exec-3" daemon [_thread_blocked, id=20548, stack(0x0000000ce8d00000,0x0000000ce8e00000) (1024K)]
  0x000002089e756fc0 JavaThread "http-nio-0.0.0.0-8080-exec-4" daemon [_thread_blocked, id=24964, stack(0x0000000ce8e00000,0x0000000ce8f00000) (1024K)]
  0x000002089e757ce0 JavaThread "http-nio-0.0.0.0-8080-exec-5" daemon [_thread_blocked, id=30096, stack(0x0000000ce8f00000,0x0000000ce9000000) (1024K)]
  0x000002089e759db0 JavaThread "http-nio-0.0.0.0-8080-exec-6" daemon [_thread_blocked, id=28564, stack(0x0000000ce9000000,0x0000000ce9100000) (1024K)]
  0x000002089e758a00 JavaThread "http-nio-0.0.0.0-8080-exec-7" daemon [_thread_blocked, id=36176, stack(0x0000000ce9100000,0x0000000ce9200000) (1024K)]
  0x000002089e753b40 JavaThread "http-nio-0.0.0.0-8080-exec-8" daemon [_thread_blocked, id=40904, stack(0x0000000ce9200000,0x0000000ce9300000) (1024K)]
  0x000002089e752e20 JavaThread "http-nio-0.0.0.0-8080-exec-9" daemon [_thread_blocked, id=5880, stack(0x0000000ce9300000,0x0000000ce9400000) (1024K)]
  0x000002089e754ef0 JavaThread "http-nio-0.0.0.0-8080-exec-10" daemon [_thread_blocked, id=48792, stack(0x0000000ce9400000,0x0000000ce9500000) (1024K)]
  0x000002089e75a440 JavaThread "http-nio-0.0.0.0-8080-Poller" daemon [_thread_in_native, id=5212, stack(0x0000000ce9500000,0x0000000ce9600000) (1024K)]
  0x000002089e759090 JavaThread "http-nio-0.0.0.0-8080-Acceptor" daemon [_thread_in_native, id=15428, stack(0x0000000ce9600000,0x0000000ce9700000) (1024K)]
  0x000002089e759720 JavaThread "DestroyJavaVM"                     [_thread_blocked, id=43292, stack(0x0000000ce4800000,0x0000000ce4900000) (1024K)]
Total: 31

Other Threads:
  0x0000020850fa0d20 VMThread "VM Thread"                           [id=39964, stack(0x0000000ce4f00000,0x0000000ce5000000) (1024K)]
  0x00000208548c10a0 WatcherThread "VM Periodic Task Thread"        [id=3436, stack(0x0000000ce4e00000,0x0000000ce4f00000) (1024K)]
  0x000002082e7dfe30 WorkerThread "GC Thread#0"                     [id=36244, stack(0x0000000ce4900000,0x0000000ce4a00000) (1024K)]
  0x000002089a9e3ba0 WorkerThread "GC Thread#1"                     [id=39380, stack(0x0000000ce5f00000,0x0000000ce6000000) (1024K)]
  0x000002089a8ca0b0 WorkerThread "GC Thread#2"                     [id=29612, stack(0x0000000ce6000000,0x0000000ce6100000) (1024K)]
  0x000002089a8ca460 WorkerThread "GC Thread#3"                     [id=29292, stack(0x0000000ce6100000,0x0000000ce6200000) (1024K)]
  0x000002089a8ca810 WorkerThread "GC Thread#4"                     [id=43692, stack(0x0000000ce6200000,0x0000000ce6300000) (1024K)]
  0x000002089a8cabc0 WorkerThread "GC Thread#5"                     [id=30880, stack(0x0000000ce6300000,0x0000000ce6400000) (1024K)]
  0x000002089a8caf70 WorkerThread "GC Thread#6"                     [id=16116, stack(0x0000000ce6400000,0x0000000ce6500000) (1024K)]
  0x000002089a8cb320 WorkerThread "GC Thread#7"                     [id=24948, stack(0x0000000ce6500000,0x0000000ce6600000) (1024K)]
  0x000002089a8cb6d0 WorkerThread "GC Thread#8"                     [id=39920, stack(0x0000000ce6600000,0x0000000ce6700000) (1024K)]
  0x000002089a8cba80 WorkerThread "GC Thread#9"                     [id=5052, stack(0x0000000ce6700000,0x0000000ce6800000) (1024K)]
  0x000002089aa611b0 WorkerThread "GC Thread#10"                    [id=32384, stack(0x0000000ce6800000,0x0000000ce6900000) (1024K)]
  0x000002089aa61560 WorkerThread "GC Thread#11"                    [id=26088, stack(0x0000000ce6900000,0x0000000ce6a00000) (1024K)]
  0x000002089aef6460 WorkerThread "GC Thread#12"                    [id=46704, stack(0x0000000ce7700000,0x0000000ce7800000) (1024K)]
  0x000002089aef60b0 WorkerThread "GC Thread#13"                    [id=28236, stack(0x0000000ce7800000,0x0000000ce7900000) (1024K)]
  0x000002089aef6bc0 WorkerThread "GC Thread#14"                    [id=18940, stack(0x0000000ce7900000,0x0000000ce7a00000) (1024K)]
  0x000002089b96e7f0 WorkerThread "GC Thread#15"                    [id=24904, stack(0x0000000ce6c00000,0x0000000ce6d00000) (1024K)]
  0x000002089b971f40 WorkerThread "GC Thread#16"                    [id=49096, stack(0x0000000ce7600000,0x0000000ce7700000) (1024K)]
  0x000002089b970920 WorkerThread "GC Thread#17"                    [id=48656, stack(0x0000000ce7f00000,0x0000000ce8000000) (1024K)]
  0x000002089b970cd0 WorkerThread "GC Thread#18"                    [id=32592, stack(0x0000000ce8000000,0x0000000ce8100000) (1024K)]
  0x000002089b96eba0 WorkerThread "GC Thread#19"                    [id=18340, stack(0x0000000ce8100000,0x0000000ce8200000) (1024K)]
  0x000002089b96f6b0 WorkerThread "GC Thread#20"                    [id=31000, stack(0x0000000ce8200000,0x0000000ce8300000) (1024K)]
  0x000002089b9717e0 WorkerThread "GC Thread#21"                    [id=39460, stack(0x0000000ce8300000,0x0000000ce8400000) (1024K)]
  0x000002089b96fe10 WorkerThread "GC Thread#22"                    [id=23960, stack(0x0000000ce8400000,0x0000000ce8500000) (1024K)]
  0x000002082e7f1d40 ConcurrentGCThread "G1 Main Marker"            [id=30968, stack(0x0000000ce4a00000,0x0000000ce4b00000) (1024K)]
  0x000002082e7f2760 WorkerThread "G1 Conc#0"                       [id=11444, stack(0x0000000ce4b00000,0x0000000ce4c00000) (1024K)]
  0x000002089aef6f70 WorkerThread "G1 Conc#1"                       [id=1844, stack(0x0000000ce7a00000,0x0000000ce7b00000) (1024K)]
  0x000002089aef7320 WorkerThread "G1 Conc#2"                       [id=22204, stack(0x0000000ce7b00000,0x0000000ce7c00000) (1024K)]
  0x000002089aef76d0 WorkerThread "G1 Conc#3"                       [id=30152, stack(0x0000000ce7c00000,0x0000000ce7d00000) (1024K)]
  0x000002089b9701c0 WorkerThread "G1 Conc#4"                       [id=18048, stack(0x0000000ce7d00000,0x0000000ce7e00000) (1024K)]
  0x000002089b9722f0 WorkerThread "G1 Conc#5"                       [id=48436, stack(0x0000000ce7e00000,0x0000000ce7f00000) (1024K)]
  0x000002082e81eb80 ConcurrentGCThread "G1 Refine#0"               [id=21068, stack(0x0000000ce4c00000,0x0000000ce4d00000) (1024K)]
  0x0000020850edee50 ConcurrentGCThread "G1 Service"                [id=33584, stack(0x0000000ce4d00000,0x0000000ce4e00000) (1024K)]
Total: 34

Threads with active compile tasks:
C2 CompilerThread0  197630 8357       4       org.springframework.boot.devtools.filewatch.DirectorySnapshot::collectFiles (99 bytes)
Total: 1

VM state: not at safepoint (normal execution)

VM Mutex/Monitor currently owned by a thread: None

Heap address: 0x0000000604c00000, size: 8116 MB, Compressed Oops mode: Zero based, Oop shift amount: 3

CDS archive(s) mapped at: [0x0000020855000000-0x0000020855c60000-0x0000020855c60000), size 12976128, SharedBaseAddress: 0x0000020855000000, ArchiveRelocationMode: 1.
Compressed class space mapped at: 0x0000020856000000-0x0000020896000000, reserved size: 1073741824
Narrow klass base: 0x0000020855000000, Narrow klass shift: 0, Narrow klass range: 0x41000000

GC Precious Log:
 CardTable entry size: 512
 Card Set container configuration: InlinePtr #cards 4 size 8 Array Of Cards #cards 32 size 80 Howl #buckets 8 coarsen threshold 7372 Howl Bitmap #cards 1024 size 144 coarsen threshold 921 Card regions per heap region 1 cards per card region 8192
 CPUs: 32 total, 32 available
 Memory: 32456M
 Large Page Support: Disabled
 NUMA Support: Disabled
 Compressed Oops: Enabled (Zero based)
 Heap Region Size: 4M
 Heap Min Capacity: 8M
 Heap Initial Capacity: 508M
 Heap Max Capacity: 8116M
 Pre-touch: Disabled
 Parallel Workers: 23
 Concurrent Workers: 6
 Concurrent Refinement Workers: 23
 Periodic GC: Disabled

Heap:
 garbage-first heap   total reserved 8310784K, committed 81920K, used 59859K [0x0000000604c00000, 0x0000000800000000)
  region size 4096K, 8 young (32768K), 2 survivors (8192K)
 Metaspace       used 88004K, committed 88768K, reserved 1179648K
  class space    used 12204K, committed 12544K, reserved 1048576K

Heap Regions: E=young(eden), S=young(survivor), O=old, HS=humongous(starts), HC=humongous(continues), CS=collection set, F=free, TAMS=top-at-mark-start, PB=parsable bottom
|   0|0x0000000604c00000, 0x0000000605000000, 0x0000000605000000|100%| O|  |TAMS 0x0000000604c00000| PB 0x0000000604c00000| Untracked |  0
|   1|0x0000000605000000, 0x0000000605400000, 0x0000000605400000|100%| O|  |TAMS 0x0000000605000000| PB 0x0000000605000000| Untracked |  0
|   2|0x0000000605400000, 0x0000000605800000, 0x0000000605800000|100%| O|  |TAMS 0x0000000605400000| PB 0x0000000605400000| Untracked |  0
|   3|0x0000000605800000, 0x0000000605c00000, 0x0000000605c00000|100%| O|  |TAMS 0x0000000605800000| PB 0x0000000605800000| Untracked |  0
|   4|0x0000000605c00000, 0x0000000606000000, 0x0000000606000000|100%| O|  |TAMS 0x0000000605c00000| PB 0x0000000605c00000| Untracked |  0
|   5|0x0000000606000000, 0x0000000606400000, 0x0000000606400000|100%| O|  |TAMS 0x0000000606000000| PB 0x0000000606000000| Untracked |  0
|   6|0x0000000606400000, 0x0000000606800000, 0x0000000606800000|100%| O|  |TAMS 0x0000000606400000| PB 0x0000000606400000| Untracked |  0
|   7|0x0000000606800000, 0x0000000606c00000, 0x0000000606c00000|100%| O|  |TAMS 0x0000000606800000| PB 0x0000000606800000| Untracked |  0
|   8|0x0000000606c00000, 0x0000000606c00000, 0x0000000607000000|  0%| F|  |TAMS 0x0000000606c00000| PB 0x0000000606c00000| Untracked |  0
|   9|0x0000000607000000, 0x0000000607140f88, 0x0000000607400000| 31%| O|  |TAMS 0x0000000607000000| PB 0x0000000607000000| Untracked |  0
|  10|0x0000000607400000, 0x0000000607533d50, 0x0000000607800000| 30%| S|CS|TAMS 0x0000000607400000| PB 0x0000000607400000| Complete |  0
|  11|0x0000000607800000, 0x0000000607800000, 0x0000000607c00000|  0%| F|  |TAMS 0x0000000607800000| PB 0x0000000607800000| Untracked |  0
|  12|0x0000000607c00000, 0x0000000608000000, 0x0000000608000000|100%| S|CS|TAMS 0x0000000607c00000| PB 0x0000000607c00000| Complete |  0
|  13|0x0000000608000000, 0x0000000608000000, 0x0000000608400000|  0%| F|  |TAMS 0x0000000608000000| PB 0x0000000608000000| Untracked |  0
|  14|0x0000000608400000, 0x000000060841f348, 0x0000000608800000|  3%| E|  |TAMS 0x0000000608400000| PB 0x0000000608400000| Complete |  0
|  15|0x0000000608800000, 0x0000000608c00000, 0x0000000608c00000|100%| E|CS|TAMS 0x0000000608800000| PB 0x0000000608800000| Complete |  0
|  16|0x0000000608c00000, 0x0000000609000000, 0x0000000609000000|100%| E|CS|TAMS 0x0000000608c00000| PB 0x0000000608c00000| Complete |  0
| 111|0x0000000620800000, 0x0000000620c00000, 0x0000000620c00000|100%| E|CS|TAMS 0x0000000620800000| PB 0x0000000620800000| Complete |  0
| 112|0x0000000620c00000, 0x0000000621000000, 0x0000000621000000|100%| E|CS|TAMS 0x0000000620c00000| PB 0x0000000620c00000| Complete |  0
| 126|0x0000000624400000, 0x0000000624800000, 0x0000000624800000|100%| E|CS|TAMS 0x0000000624400000| PB 0x0000000624400000| Complete |  0

Card table byte_map: [0x0000020847db0000,0x0000020848d90000] _byte_map_base: 0x0000020844d8a000

Marking Bits: (CMBitMap*) 0x000002082e7e0450
 Bits: [0x0000020848d90000, 0x0000020850c60000)

Polling page: 0x000002082c6d0000

Metaspace:

Usage:
  Non-class:     74.02 MB used.
      Class:     11.92 MB used.
       Both:     85.94 MB used.

Virtual space:
  Non-class space:      128.00 MB reserved,      74.44 MB ( 58%) committed,  2 nodes.
      Class space:        1.00 GB reserved,      12.25 MB (  1%) committed,  1 nodes.
             Both:        1.12 GB reserved,      86.69 MB (  8%) committed. 

Chunk freelists:
   Non-Class:  5.50 MB
       Class:  3.70 MB
        Both:  9.20 MB

MaxMetaspaceSize: unlimited
CompressedClassSpaceSize: 1.00 GB
Initial GC threshold: 21.00 MB
Current GC threshold: 98.38 MB
CDS: on
 - commit_granule_bytes: 65536.
 - commit_granule_words: 8192.
 - virtual_space_node_default_size: 8388608.
 - enlarge_chunks_in_place: 1.
 - use_allocation_guard: 0.


Internal statistics:

num_allocs_failed_limit: 9.
num_arena_births: 1074.
num_arena_deaths: 0.
num_vsnodes_births: 3.
num_vsnodes_deaths: 0.
num_space_committed: 1387.
num_space_uncommitted: 0.
num_chunks_returned_to_freelist: 9.
num_chunks_taken_from_freelist: 4098.
num_chunk_merges: 6.
num_chunk_splits: 2992.
num_chunks_enlarged: 2349.
num_inconsistent_stats: 0.

CodeHeap 'non-profiled nmethods': size=118848Kb used=6618Kb max_used=6618Kb free=112229Kb
 bounds [0x000002083e690000, 0x000002083ed10000, 0x0000020845aa0000]
CodeHeap 'profiled nmethods': size=118848Kb used=14909Kb max_used=14909Kb free=103938Kb
 bounds [0x0000020836aa0000, 0x0000020837930000, 0x000002083deb0000]
CodeHeap 'non-nmethods': size=8064Kb used=1787Kb max_used=4084Kb free=6276Kb
 bounds [0x000002083deb0000, 0x000002083e2c0000, 0x000002083e690000]
 total_blobs=8311 nmethods=7514 adapters=701
 compilation: enabled
              stopped_count=0, restarted_count=0
 full_count=0

Compilation events (20 events):
Event: 189.020 Thread 0x00000208548ead60 nmethod 8347 0x000002083792c410 code [0x000002083792c5e0, 0x000002083792c890]
Event: 193.027 Thread 0x00000208548ead60 8348       3       java.util.concurrent.ThreadPoolExecutor$Worker::unlock (7 bytes)
Event: 193.028 Thread 0x00000208548ead60 nmethod 8348 0x000002083792c990 code [0x000002083792cb40, 0x000002083792cdb0]
Event: 193.028 Thread 0x00000208548ead60 8349       3       java.util.concurrent.ThreadPoolExecutor$Worker::tryRelease (12 bytes)
Event: 193.028 Thread 0x00000208548ead60 nmethod 8349 0x000002083792ce90 code [0x000002083792d020, 0x000002083792d198]
Event: 194.024 Thread 0x00000208548ead60 8350   !   3       java.util.concurrent.ThreadPoolExecutor::getTask (177 bytes)
Event: 194.025 Thread 0x00000208548ead60 nmethod 8350 0x000002083792d210 code [0x000002083792d4a0, 0x000002083792e2b0]
Event: 194.177 Thread 0x00000208548ddee0 8351       4       jdk.internal.misc.Unsafe::putReferenceOpaque (9 bytes)
Event: 194.179 Thread 0x00000208548ddee0 nmethod 8351 0x000002083ed05610 code [0x000002083ed05780, 0x000002083ed058e0]
Event: 195.017 Thread 0x00000208548ead60 8352       3       java.util.concurrent.ThreadPoolExecutor$Worker::lock (6 bytes)
Event: 195.018 Thread 0x00000208548ead60 nmethod 8352 0x000002083792e710 code [0x000002083792e8c0, 0x000002083792ea00]
Event: 195.018 Thread 0x00000208548ead60 8353       3       java.util.concurrent.ThreadPoolExecutor$Worker::tryAcquire (20 bytes)
Event: 195.018 Thread 0x00000208548ead60 nmethod 8353 0x000002083792ea90 code [0x000002083792ec40, 0x000002083792ee88]
Event: 195.018 Thread 0x00000208548ead60 8354       3       java.util.concurrent.ThreadPoolExecutor::beforeExecute (1 bytes)
Event: 195.018 Thread 0x00000208548ead60 nmethod 8354 0x000002083792ef10 code [0x000002083792f0a0, 0x000002083792f1a8]
Event: 195.018 Thread 0x00000208548ead60 8355       3       java.util.concurrent.ThreadPoolExecutor::afterExecute (1 bytes)
Event: 195.018 Thread 0x00000208548ead60 nmethod 8355 0x000002083792f210 code [0x000002083792f3a0, 0x000002083792f4a8]
Event: 197.543 Thread 0x00000208548ddee0 8356       4       java.io.File::listFiles (52 bytes)
Event: 197.548 Thread 0x00000208548ddee0 nmethod 8356 0x000002083ed05990 code [0x000002083ed05b80, 0x000002083ed063f0]
Event: 197.548 Thread 0x00000208548ddee0 8357       4       org.springframework.boot.devtools.filewatch.DirectorySnapshot::collectFiles (99 bytes)

GC Heap History (20 events):
Event: 1.414 GC heap before
{Heap before GC invocations=4 (full 0):
 garbage-first heap   total reserved 8310784K, committed 69632K, used 63655K [0x0000000604c00000, 0x0000000800000000)
  region size 4096K, 14 young (57344K), 2 survivors (8192K)
 Metaspace       used 28015K, committed 28416K, reserved 1114112K
  class space    used 3601K, committed 3776K, reserved 1048576K
}
Event: 1.418 GC heap after
{Heap after GC invocations=5 (full 0):
 garbage-first heap   total reserved 8310784K, committed 81920K, used 18409K [0x0000000604c00000, 0x0000000800000000)
  region size 4096K, 3 young (12288K), 3 survivors (12288K)
 Metaspace       used 28015K, committed 28416K, reserved 1114112K
  class space    used 3601K, committed 3776K, reserved 1048576K
}
Event: 1.894 GC heap before
{Heap before GC invocations=5 (full 0):
 garbage-first heap   total reserved 8310784K, committed 81920K, used 55273K [0x0000000604c00000, 0x0000000800000000)
  region size 4096K, 12 young (49152K), 3 survivors (12288K)
 Metaspace       used 33291K, committed 33856K, reserved 1114112K
  class space    used 4442K, committed 4672K, reserved 1048576K
}
Event: 1.898 GC heap after
{Heap after GC invocations=6 (full 0):
 garbage-first heap   total reserved 8310784K, committed 81920K, used 21181K [0x0000000604c00000, 0x0000000800000000)
  region size 4096K, 2 young (8192K), 2 survivors (8192K)
 Metaspace       used 33291K, committed 33856K, reserved 1114112K
  class space    used 4442K, committed 4672K, reserved 1048576K
}
Event: 2.246 GC heap before
{Heap before GC invocations=6 (full 0):
 garbage-first heap   total reserved 8310784K, committed 81920K, used 37565K [0x0000000604c00000, 0x0000000800000000)
  region size 4096K, 7 young (28672K), 2 survivors (8192K)
 Metaspace       used 35612K, committed 36096K, reserved 1114112K
  class space    used 4699K, committed 4928K, reserved 1048576K
}
Event: 2.249 GC heap after
{Heap after GC invocations=7 (full 0):
 garbage-first heap   total reserved 8310784K, committed 81920K, used 22526K [0x0000000604c00000, 0x0000000800000000)
  region size 4096K, 2 young (8192K), 2 survivors (8192K)
 Metaspace       used 35612K, committed 36096K, reserved 1114112K
  class space    used 4699K, committed 4928K, reserved 1048576K
}
Event: 2.902 GC heap before
{Heap before GC invocations=8 (full 0):
 garbage-first heap   total reserved 8310784K, committed 81920K, used 55294K [0x0000000604c00000, 0x0000000800000000)
  region size 4096K, 11 young (45056K), 2 survivors (8192K)
 Metaspace       used 43703K, committed 44288K, reserved 1114112K
  class space    used 5974K, committed 6272K, reserved 1048576K
}
Event: 2.905 GC heap after
{Heap after GC invocations=9 (full 0):
 garbage-first heap   total reserved 8310784K, committed 81920K, used 24901K [0x0000000604c00000, 0x0000000800000000)
  region size 4096K, 1 young (4096K), 1 survivors (4096K)
 Metaspace       used 43703K, committed 44288K, reserved 1114112K
  class space    used 5974K, committed 6272K, reserved 1048576K
}
Event: 3.378 GC heap before
{Heap before GC invocations=9 (full 0):
 garbage-first heap   total reserved 8310784K, committed 81920K, used 65861K [0x0000000604c00000, 0x0000000800000000)
  region size 4096K, 11 young (45056K), 1 survivors (4096K)
 Metaspace       used 56045K, committed 56704K, reserved 1114112K
  class space    used 7641K, committed 7936K, reserved 1048576K
}
Event: 3.380 GC heap after
{Heap after GC invocations=10 (full 0):
 garbage-first heap   total reserved 8310784K, committed 81920K, used 27232K [0x0000000604c00000, 0x0000000800000000)
  region size 4096K, 2 young (8192K), 2 survivors (8192K)
 Metaspace       used 56045K, committed 56704K, reserved 1114112K
  class space    used 7641K, committed 7936K, reserved 1048576K
}
Event: 3.555 GC heap before
{Heap before GC invocations=10 (full 0):
 garbage-first heap   total reserved 8310784K, committed 81920K, used 43616K [0x0000000604c00000, 0x0000000800000000)
  region size 4096K, 7 young (28672K), 2 survivors (8192K)
 Metaspace       used 59671K, committed 60288K, reserved 1114112K
  class space    used 8279K, committed 8576K, reserved 1048576K
}
Event: 3.557 GC heap after
{Heap after GC invocations=11 (full 0):
 garbage-first heap   total reserved 8310784K, committed 81920K, used 28029K [0x0000000604c00000, 0x0000000800000000)
  region size 4096K, 1 young (4096K), 1 survivors (4096K)
 Metaspace       used 59671K, committed 60288K, reserved 1114112K
  class space    used 8279K, committed 8576K, reserved 1048576K
}
Event: 3.975 GC heap before
{Heap before GC invocations=12 (full 0):
 garbage-first heap   total reserved 8310784K, committed 81920K, used 68989K [0x0000000604c00000, 0x0000000800000000)
  region size 4096K, 11 young (45056K), 1 survivors (4096K)
 Metaspace       used 69038K, committed 69760K, reserved 1114112K
  class space    used 9619K, committed 9920K, reserved 1048576K
}
Event: 3.978 GC heap after
{Heap after GC invocations=13 (full 0):
 garbage-first heap   total reserved 8310784K, committed 81920K, used 30702K [0x0000000604c00000, 0x0000000800000000)
  region size 4096K, 2 young (8192K), 2 survivors (8192K)
 Metaspace       used 69038K, committed 69760K, reserved 1114112K
  class space    used 9619K, committed 9920K, reserved 1048576K
}
Event: 4.485 GC heap before
{Heap before GC invocations=13 (full 0):
 garbage-first heap   total reserved 8310784K, committed 81920K, used 67566K [0x0000000604c00000, 0x0000000800000000)
  region size 4096K, 11 young (45056K), 2 survivors (8192K)
 Metaspace       used 77045K, committed 77824K, reserved 1179648K
  class space    used 10595K, committed 10944K, reserved 1048576K
}
Event: 4.490 GC heap after
{Heap after GC invocations=14 (full 0):
 garbage-first heap   total reserved 8310784K, committed 81920K, used 34415K [0x0000000604c00000, 0x0000000800000000)
  region size 4096K, 2 young (8192K), 2 survivors (8192K)
 Metaspace       used 77045K, committed 77824K, reserved 1179648K
  class space    used 10595K, committed 10944K, reserved 1048576K
}
Event: 4.881 GC heap before
{Heap before GC invocations=14 (full 0):
 garbage-first heap   total reserved 8310784K, committed 81920K, used 67183K [0x0000000604c00000, 0x0000000800000000)
  region size 4096K, 10 young (40960K), 2 survivors (8192K)
 Metaspace       used 80100K, committed 80832K, reserved 1179648K
  class space    used 11062K, committed 11392K, reserved 1048576K
}
Event: 4.884 GC heap after
{Heap after GC invocations=15 (full 0):
 garbage-first heap   total reserved 8310784K, committed 81920K, used 37253K [0x0000000604c00000, 0x0000000800000000)
  region size 4096K, 2 young (8192K), 2 survivors (8192K)
 Metaspace       used 80100K, committed 80832K, reserved 1179648K
  class space    used 11062K, committed 11392K, reserved 1048576K
}
Event: 42.945 GC heap before
{Heap before GC invocations=15 (full 0):
 garbage-first heap   total reserved 8310784K, committed 81920K, used 61829K [0x0000000604c00000, 0x0000000800000000)
  region size 4096K, 9 young (36864K), 2 survivors (8192K)
 Metaspace       used 84789K, committed 85568K, reserved 1179648K
  class space    used 11696K, committed 12032K, reserved 1048576K
}
Event: 42.951 GC heap after
{Heap after GC invocations=16 (full 0):
 garbage-first heap   total reserved 8310784K, committed 81920K, used 39379K [0x0000000604c00000, 0x0000000800000000)
  region size 4096K, 2 young (8192K), 2 survivors (8192K)
 Metaspace       used 84789K, committed 85568K, reserved 1179648K
  class space    used 11696K, committed 12032K, reserved 1048576K
}

Dll operation events (15 events):
Event: 0.004 Loaded shared library C:\Users\giacc\.jdks\openjdk-22.0.2\bin\java.dll
Event: 0.020 Loaded shared library C:\Users\giacc\.jdks\openjdk-22.0.2\bin\jsvml.dll
Event: 0.061 Loaded shared library C:\Users\giacc\.jdks\openjdk-22.0.2\bin\zip.dll
Event: 0.062 Loaded shared library C:\Users\giacc\.jdks\openjdk-22.0.2\bin\instrument.dll
Event: 0.064 Loaded shared library C:\Users\giacc\.jdks\openjdk-22.0.2\bin\net.dll
Event: 0.065 Loaded shared library C:\Users\giacc\.jdks\openjdk-22.0.2\bin\nio.dll
Event: 0.066 Loaded shared library C:\Users\giacc\.jdks\openjdk-22.0.2\bin\zip.dll
Event: 0.107 Loaded shared library C:\Program Files\JetBrains\IntelliJ IDEA Community Edition 2024.1\bin\breakgen64.dll
Event: 0.112 Loaded shared library C:\Users\giacc\.jdks\openjdk-22.0.2\bin\extnet.dll
Event: 0.119 Loaded shared library C:\Users\giacc\.jdks\openjdk-22.0.2\bin\verify.dll
Event: 0.122 Loaded shared library C:\Users\giacc\.jdks\openjdk-22.0.2\bin\jimage.dll
Event: 0.272 Loaded shared library C:\Users\giacc\.jdks\openjdk-22.0.2\bin\management.dll
Event: 0.273 Loaded shared library C:\Users\giacc\.jdks\openjdk-22.0.2\bin\management_ext.dll
Event: 0.545 Loaded shared library C:\Users\giacc\.jdks\openjdk-22.0.2\bin\le.dll
Event: 1.015 Loaded shared library C:\Users\giacc\.jdks\openjdk-22.0.2\bin\sunmscapi.dll

Deoptimization events (20 events):
Event: 43.075 Thread 0x000002089e756fc0 DEOPT PACKING pc=0x00000208378ea27a sp=0x0000000ce8efb270
Event: 43.075 Thread 0x000002089e756fc0 DEOPT UNPACKING pc=0x000002083df04e42 sp=0x0000000ce8efa750 mode 0
Event: 43.075 Thread 0x000002089e756fc0 DEOPT PACKING pc=0x00000208378ea27a sp=0x0000000ce8efb270
Event: 43.075 Thread 0x000002089e756fc0 DEOPT UNPACKING pc=0x000002083df04e42 sp=0x0000000ce8efa750 mode 0
Event: 43.076 Thread 0x000002089e756fc0 DEOPT PACKING pc=0x00000208378ea27a sp=0x0000000ce8efb270
Event: 43.076 Thread 0x000002089e756fc0 DEOPT UNPACKING pc=0x000002083df04e42 sp=0x0000000ce8efa750 mode 0
Event: 43.076 Thread 0x000002089e756fc0 DEOPT PACKING pc=0x00000208378ea27a sp=0x0000000ce8efb270
Event: 43.076 Thread 0x000002089e756fc0 DEOPT UNPACKING pc=0x000002083df04e42 sp=0x0000000ce8efa750 mode 0
Event: 43.076 Thread 0x000002089e756fc0 DEOPT PACKING pc=0x00000208378ea27a sp=0x0000000ce8efb270
Event: 43.076 Thread 0x000002089e756fc0 DEOPT UNPACKING pc=0x000002083df04e42 sp=0x0000000ce8efa750 mode 0
Event: 43.077 Thread 0x000002089e756fc0 DEOPT PACKING pc=0x00000208378ea27a sp=0x0000000ce8efb270
Event: 43.077 Thread 0x000002089e756fc0 DEOPT UNPACKING pc=0x000002083df04e42 sp=0x0000000ce8efa750 mode 0
Event: 43.126 Thread 0x000002089e756fc0 Uncommon trap: trap_request=0xffffff45 fr.pc=0x000002083e84707c relative=0x000000000000023c
Event: 43.126 Thread 0x000002089e756fc0 Uncommon trap: reason=unstable_if action=reinterpret pc=0x000002083e84707c method=java.util.HashMap.getNode(Ljava/lang/Object;)Ljava/util/HashMap$Node; @ 66 c2
Event: 43.126 Thread 0x000002089e756fc0 DEOPT PACKING pc=0x000002083e84707c sp=0x0000000ce8efa470
Event: 43.126 Thread 0x000002089e756fc0 DEOPT UNPACKING pc=0x000002083df046a2 sp=0x0000000ce8efa390 mode 2
Event: 43.126 Thread 0x000002089e756fc0 Uncommon trap: trap_request=0xffffff45 fr.pc=0x000002083e7464d8 relative=0x0000000000000218
Event: 43.126 Thread 0x000002089e756fc0 Uncommon trap: reason=unstable_if action=reinterpret pc=0x000002083e7464d8 method=java.util.HashMap.getNode(Ljava/lang/Object;)Ljava/util/HashMap$Node; @ 66 c2
Event: 43.126 Thread 0x000002089e756fc0 DEOPT PACKING pc=0x000002083e7464d8 sp=0x0000000ce8efa410
Event: 43.126 Thread 0x000002089e756fc0 DEOPT UNPACKING pc=0x000002083df046a2 sp=0x0000000ce8efa390 mode 2

Classes loaded (20 events):
Event: 6.151 Loading class java/util/stream/LongStream
Event: 6.151 Loading class java/util/stream/LongStream done
Event: 6.151 Loading class java/util/stream/DoubleStream
Event: 6.151 Loading class java/util/stream/DoubleStream done
Event: 6.156 Loading class org/w3c/dom/Node
Event: 6.156 Loading class org/w3c/dom/Node done
Event: 6.156 Loading class org/w3c/dom/Document
Event: 6.156 Loading class org/w3c/dom/Document done
Event: 9.452 Loading class sun/security/ssl/Alert
Event: 9.452 Loading class sun/security/ssl/Alert done
Event: 9.452 Loading class sun/security/ssl/Alert$AlertConsumer
Event: 9.452 Loading class sun/security/ssl/Alert$AlertConsumer done
Event: 9.452 Loading class sun/security/ssl/Alert$Level
Event: 9.452 Loading class sun/security/ssl/Alert$Level done
Event: 43.094 Loading class java/io/SequenceInputStream
Event: 43.094 Loading class java/io/SequenceInputStream done
Event: 43.097 Loading class java/nio/StringCharBuffer
Event: 43.097 Loading class java/nio/StringCharBuffer done
Event: 43.106 Loading class java/security/interfaces/EdECKey
Event: 43.106 Loading class java/security/interfaces/EdECKey done

Classes unloaded (0 events):
No events

Classes redefined (0 events):
No events

Internal exceptions (20 events):
Event: 3.923 Thread 0x000002089ac70df0 Exception <a 'java/lang/NoSuchMethodError'{0x000000060760f1e8}: 'java.lang.Object java.lang.invoke.DirectMethodHandle$Holder.invokeStaticInit(java.lang.Object, java.lang.Object, int)'> (0x000000060760f1e8) 
thrown [s\open\src\hotspot\share\interpreter\linkResolver.cpp, line 774]
Event: 3.937 Thread 0x000002089ac70df0 Exception <a 'java/lang/NoSuchMethodError'{0x00000006077e4548}: 'void java.lang.invoke.DirectMethodHandle$Holder.invokeStaticInit(java.lang.Object, java.lang.Object, java.lang.Object, java.lang.Object)'> (0x00000006077e4548) 
thrown [s\open\src\hotspot\share\interpreter\linkResolver.cpp, line 774]
Event: 3.972 Thread 0x000002089ac70df0 Exception <a 'java/lang/NoSuchMethodError'{0x000000060739df78}: 'java.lang.Object java.lang.invoke.DirectMethodHandle$Holder.invokeStaticInit(java.lang.Object, java.lang.Object, java.lang.Object, java.lang.Object, java.lang.Object)'> (0x000000060739df78) 
thrown [s\open\src\hotspot\share\interpreter\linkResolver.cpp, line 774]
Event: 4.018 Thread 0x000002089ac70df0 Exception <a 'java/lang/NoSuchMethodError'{0x0000000620da6598}: 'long java.lang.invoke.DirectMethodHandle$Holder.invokeVirtual(java.lang.Object, java.lang.Object)'> (0x0000000620da6598) 
thrown [s\open\src\hotspot\share\interpreter\linkResolver.cpp, line 774]
Event: 4.020 Thread 0x000002089ac70df0 Exception <a 'java/io/FileNotFoundException'{0x0000000620dcd480}> (0x0000000620dcd480) 
thrown [s\open\src\hotspot\share\prims\jni.cpp, line 520]
Event: 4.198 Thread 0x000002089ac70df0 Implicit null exception at 0x000002083e6c5fcd to 0x000002083e6c70b4
Event: 4.475 Thread 0x000002089ac70df0 Exception <a 'java/lang/NoSuchMethodError'{0x0000000607aa7b80}: 'java.lang.Object java.lang.invoke.DirectMethodHandle$Holder.newInvokeSpecial(java.lang.Object, java.lang.Object, java.lang.Object, java.lang.Object, java.lang.Object, java.lang.Object, java.lang.Object, java.lang.Object)'> (0x0000000607aa7b80) 
thrown [s\open\src\hotspot\share\interpreter\linkResolver.cpp, line 774]
Event: 4.695 Thread 0x000002089ac70df0 Exception <a 'java/lang/IncompatibleClassChangeError'{0x0000000608f82a90}: Found class java.lang.Object, but interface was expected> (0x0000000608f82a90) 
thrown [s\open\src\hotspot\share\interpreter\linkResolver.cpp, line 841]
Event: 4.782 Thread 0x000002089ac70df0 Exception <a 'java/lang/NoSuchMethodError'{0x000000060872f658}: 'java.lang.Object java.lang.invoke.DirectMethodHandle$Holder.invokeInterface(java.lang.Object, java.lang.Object, java.lang.Object, java.lang.Object)'> (0x000000060872f658) 
thrown [s\open\src\hotspot\share\interpreter\linkResolver.cpp, line 774]
Event: 4.829 Thread 0x000002089ac70df0 Exception <a 'java/lang/NoSuchMethodError'{0x000000060829ed10}: 'void java.lang.invoke.DirectMethodHandle$Holder.invokeVirtual(java.lang.Object, java.lang.Object, long)'> (0x000000060829ed10) 
thrown [s\open\src\hotspot\share\interpreter\linkResolver.cpp, line 774]
Event: 4.895 Thread 0x000002089ac70df0 Exception <a 'java/lang/NoSuchMethodError'{0x00000006245b9d38}: 'java.lang.Object java.lang.invoke.Invokers$Holder.invoke_MT(java.lang.Object, java.lang.Object, java.lang.Object, java.lang.Object, java.lang.Object, java.lang.Object, java.lang.Object, java.lang.Object, java.lang.Object)'> (0x00000006245b9d38) 
thrown [s\open\src\hotspot\share\interpreter\linkResolver.cpp, line 774]
Event: 4.904 Thread 0x000002089ac70df0 Exception <a 'java/lang/IncompatibleClassChangeError'{0x00000006246c7048}: Found class java.lang.Object, but interface was expected> (0x00000006246c7048) 
thrown [s\open\src\hotspot\share\interpreter\linkResolver.cpp, line 841]
Event: 4.910 Thread 0x000002089ac70df0 Implicit null exception at 0x000002083e87a1e8 to 0x000002083e87a454
Event: 4.973 Thread 0x000002089ac70df0 Exception <a 'java/lang/IncompatibleClassChangeError'{0x0000000620ad9a70}: Found class java.lang.Object, but interface was expected> (0x0000000620ad9a70) 
thrown [s\open\src\hotspot\share\interpreter\linkResolver.cpp, line 841]
Event: 4.998 Thread 0x000002089ac70df0 Exception <a 'java/lang/NoSuchMethodError'{0x0000000608d42b20}: 'java.lang.Object java.lang.invoke.DirectMethodHandle$Holder.newInvokeSpecial(java.lang.Object, java.lang.Object, int, java.lang.Object, java.lang.Object)'> (0x0000000608d42b20) 
thrown [s\open\src\hotspot\share\interpreter\linkResolver.cpp, line 774]
Event: 6.088 Thread 0x000002089e7562a0 Exception <a 'java/lang/NoSuchMethodError'{0x000000060894d378}: 'java.lang.Object java.lang.invoke.DirectMethodHandle$Holder.invokeSpecial(java.lang.Object, java.lang.Object, java.lang.Object, java.lang.Object, java.lang.Object, long)'> (0x000000060894d378) 
thrown [s\open\src\hotspot\share\interpreter\linkResolver.cpp, line 774]
Event: 6.088 Thread 0x000002089e7562a0 Exception <a 'java/lang/NoSuchMethodError'{0x0000000608950af0}: 'java.lang.Object java.lang.invoke.Invokers$Holder.linkToTargetMethod(java.lang.Object, java.lang.Object, java.lang.Object, long, java.lang.Object)'> (0x0000000608950af0) 
thrown [s\open\src\hotspot\share\interpreter\linkResolver.cpp, line 774]
Event: 6.150 Thread 0x000002089e7562a0 Exception <a 'java/lang/NoSuchMethodError'{0x0000000608547aa0}: method resolution failed> (0x0000000608547aa0) 
thrown [s\open\src\hotspot\share\prims\methodHandles.cpp, line 1146]
Event: 42.993 Thread 0x000002089e756fc0 Exception <a 'java/lang/NoSuchMethodError'{0x00000006247dcca0}: 'void java.lang.invoke.DirectMethodHandle$Holder.invokeSpecialIFC(java.lang.Object, java.lang.Object, int, java.lang.Object, java.lang.Object, java.lang.Object, java.lang.Object)'> (0x00000006247dcca0) 
thrown [s\open\src\hotspot\share\interpreter\linkResolver.cpp, line 774]
Event: 43.016 Thread 0x000002089e756fc0 Exception <a 'java/lang/IncompatibleClassChangeError'{0x0000000620da10b8}: Found class java.lang.Object, but interface was expected> (0x0000000620da10b8) 
thrown [s\open\src\hotspot\share\interpreter\linkResolver.cpp, line 841]

ZGC Phase Switch (0 events):
No events

VM Operations (20 events):
Event: 60.087 Executing VM operation: RendezvousGCThreads
Event: 60.087 Executing VM operation: RendezvousGCThreads done
Event: 64.124 Executing VM operation: Cleanup
Event: 64.124 Executing VM operation: Cleanup done
Event: 70.166 Executing VM operation: Cleanup
Event: 70.166 Executing VM operation: Cleanup done
Event: 76.234 Executing VM operation: Cleanup
Event: 76.234 Executing VM operation: Cleanup done
Event: 104.490 Executing VM operation: Cleanup
Event: 104.490 Executing VM operation: Cleanup done
Event: 124.697 Executing VM operation: Cleanup
Event: 124.697 Executing VM operation: Cleanup done
Event: 127.732 Executing VM operation: Cleanup
Event: 127.732 Executing VM operation: Cleanup done
Event: 144.902 Executing VM operation: Cleanup
Event: 144.902 Executing VM operation: Cleanup done
Event: 148.948 Executing VM operation: Cleanup
Event: 148.948 Executing VM operation: Cleanup done
Event: 194.396 Executing VM operation: Cleanup
Event: 194.396 Executing VM operation: Cleanup done

Memory protections (0 events):
No events

Nmethod flushes (20 events):
Event: 3.564 Thread 0x0000020850fa0d20 flushing  nmethod 0x000002083710e310
Event: 3.564 Thread 0x0000020850fa0d20 flushing  nmethod 0x0000020837112b90
Event: 3.564 Thread 0x0000020850fa0d20 flushing  nmethod 0x0000020837112f10
Event: 3.564 Thread 0x0000020850fa0d20 flushing  nmethod 0x000002083714bf10
Event: 3.564 Thread 0x0000020850fa0d20 flushing  nmethod 0x000002083714da90
Event: 3.564 Thread 0x0000020850fa0d20 flushing  nmethod 0x000002083714e010
Event: 3.564 Thread 0x0000020850fa0d20 flushing  nmethod 0x000002083714ed90
Event: 3.564 Thread 0x0000020850fa0d20 flushing  nmethod 0x0000020837175b90
Event: 3.564 Thread 0x0000020850fa0d20 flushing  nmethod 0x00000208371b8990
Event: 3.564 Thread 0x0000020850fa0d20 flushing  nmethod 0x00000208371b9110
Event: 3.564 Thread 0x0000020850fa0d20 flushing  nmethod 0x000002083725ec90
Event: 3.564 Thread 0x0000020850fa0d20 flushing  nmethod 0x000002083725fc90
Event: 3.564 Thread 0x0000020850fa0d20 flushing  nmethod 0x0000020837260190
Event: 3.564 Thread 0x0000020850fa0d20 flushing  nmethod 0x0000020837261810
Event: 3.564 Thread 0x0000020850fa0d20 flushing  nmethod 0x0000020837263810
Event: 3.564 Thread 0x0000020850fa0d20 flushing  nmethod 0x0000020837263b90
Event: 3.564 Thread 0x0000020850fa0d20 flushing  nmethod 0x0000020837269510
Event: 3.564 Thread 0x0000020850fa0d20 flushing  nmethod 0x0000020837284a10
Event: 3.564 Thread 0x0000020850fa0d20 flushing  nmethod 0x0000020837286f90
Event: 3.564 Thread 0x0000020850fa0d20 flushing  nmethod 0x0000020837287790

Events (20 events):
Event: 5.006 Thread 0x000002089ac70df0 Thread added: 0x000002089e754ef0
Event: 5.011 Thread 0x000002089ac70df0 Thread added: 0x000002089e75a440
Event: 5.012 Thread 0x000002089ac70df0 Thread added: 0x000002089e759090
Event: 5.025 Thread 0x000002089ac70df0 Thread exited: 0x000002089ac70df0
Event: 5.026 Thread 0x000002089aec7710 Thread exited: 0x000002089aec7710
Event: 5.026 Thread 0x000002082c3d8240 Thread exited: 0x000002082c3d8240
Event: 5.026 Thread 0x000002089e759720 Thread added: 0x000002089e759720
Event: 5.593 Thread 0x000002089b599ad0 Thread exited: 0x000002089b599ad0
Event: 5.593 Thread 0x000002089b596b20 Thread exited: 0x000002089b596b20
Event: 5.594 Thread 0x00000208548ec1d0 Thread exited: 0x00000208548ec1d0
Event: 5.594 Thread 0x00000208548ea690 Thread exited: 0x00000208548ea690
Event: 5.594 Thread 0x000002089b597f90 Thread exited: 0x000002089b597f90
Event: 6.002 Thread 0x00000208548e9220 Thread exited: 0x00000208548e9220
Event: 6.002 Thread 0x00000208548ebb00 Thread exited: 0x00000208548ebb00
Event: 6.002 Thread 0x00000208548ec8a0 Thread exited: 0x00000208548ec8a0
Event: 7.021 Thread 0x00000208548eb430 Thread exited: 0x00000208548eb430
Event: 8.784 Thread 0x000002089a64c4b0 Thread exited: 0x000002089a64c4b0
Event: 14.471 Thread 0x000002089e5a3d50 Thread exited: 0x000002089e5a3d50
Event: 42.929 Thread 0x00000208548ead60 Thread added: 0x000002089b597f90
Event: 44.052 Thread 0x000002089b597f90 Thread exited: 0x000002089b597f90


Dynamic libraries:
0x00007ff7a3710000 - 0x00007ff7a371e000 	C:\Users\giacc\.jdks\openjdk-22.0.2\bin\java.exe
0x00007fff9b9f0000 - 0x00007fff9bc07000 	C:\Windows\SYSTEM32\ntdll.dll
0x00007fff9a5a0000 - 0x00007fff9a664000 	C:\Windows\System32\KERNEL32.DLL
0x00007fff98fd0000 - 0x00007fff9937d000 	C:\Windows\System32\KERNELBASE.dll
0x00007fff994e0000 - 0x00007fff995f1000 	C:\Windows\System32\ucrtbase.dll
0x00007fff88f20000 - 0x00007fff88f37000 	C:\Users\giacc\.jdks\openjdk-22.0.2\bin\jli.dll
0x00007fff88f00000 - 0x00007fff88f1b000 	C:\Users\giacc\.jdks\openjdk-22.0.2\bin\VCRUNTIME140.dll
0x00007fff99ca0000 - 0x00007fff99e4e000 	C:\Windows\System32\USER32.dll
0x00007fff98220000 - 0x00007fff984b3000 	C:\Windows\WinSxS\amd64_microsoft.windows.common-controls_6595b64144ccf1df_6.0.22621.3672_none_2713b9d173822955\COMCTL32.dll
0x00007fff98f20000 - 0x00007fff98f46000 	C:\Windows\System32\win32u.dll
0x00007fff99a30000 - 0x00007fff99a59000 	C:\Windows\System32\GDI32.dll
0x00007fff9aed0000 - 0x00007fff9af77000 	C:\Windows\System32\msvcrt.dll
0x00007fff99600000 - 0x00007fff99719000 	C:\Windows\System32\gdi32full.dll
0x00007fff99380000 - 0x00007fff9941a000 	C:\Windows\System32\msvcp_win.dll
0x00007fff9ae40000 - 0x00007fff9ae71000 	C:\Windows\System32\IMM32.DLL
0x00007fff91e00000 - 0x00007fff91e0c000 	C:\Users\giacc\.jdks\openjdk-22.0.2\bin\vcruntime140_1.dll
0x00007fff88e70000 - 0x00007fff88efe000 	C:\Users\giacc\.jdks\openjdk-22.0.2\bin\msvcp140.dll
0x00007ffef8db0000 - 0x00007ffef9af9000 	C:\Users\giacc\.jdks\openjdk-22.0.2\bin\server\jvm.dll
0x00007fff9aca0000 - 0x00007fff9ad52000 	C:\Windows\System32\ADVAPI32.dll
0x00007fff99fd0000 - 0x00007fff9a079000 	C:\Windows\System32\sechost.dll
0x00007fff98e80000 - 0x00007fff98ea8000 	C:\Windows\System32\bcrypt.dll
0x00007fff99790000 - 0x00007fff998a4000 	C:\Windows\System32\RPCRT4.dll
0x00007fff99e50000 - 0x00007fff99ec1000 	C:\Windows\System32\WS2_32.dll
0x00007fff98850000 - 0x00007fff9889d000 	C:\Windows\SYSTEM32\POWRPROF.dll
0x00007fff90920000 - 0x00007fff90954000 	C:\Windows\SYSTEM32\WINMM.dll
0x00007fff902b0000 - 0x00007fff902ba000 	C:\Windows\SYSTEM32\VERSION.dll
0x00007fff984c0000 - 0x00007fff984d3000 	C:\Windows\SYSTEM32\UMPDC.dll
0x00007fff97480000 - 0x00007fff97498000 	C:\Windows\SYSTEM32\kernel.appcore.dll
0x00007fff88ff0000 - 0x00007fff88ffa000 	C:\Users\giacc\.jdks\openjdk-22.0.2\bin\jimage.dll
0x00007fff98610000 - 0x00007fff98842000 	C:\Windows\SYSTEM32\DBGHELP.DLL
0x00007fff9a210000 - 0x00007fff9a59d000 	C:\Windows\System32\combase.dll
0x00007fff9ad60000 - 0x00007fff9ae37000 	C:\Windows\System32\OLEAUT32.dll
0x00007fff98500000 - 0x00007fff98532000 	C:\Windows\SYSTEM32\dbgcore.DLL
0x00007fff98f50000 - 0x00007fff98fcb000 	C:\Windows\System32\bcryptPrimitives.dll
0x00007fff88ac0000 - 0x00007fff88acf000 	C:\Users\giacc\.jdks\openjdk-22.0.2\bin\instrument.dll
0x00007fff88cc0000 - 0x00007fff88cde000 	C:\Users\giacc\.jdks\openjdk-22.0.2\bin\java.dll
0x00007fff9af80000 - 0x00007fff9b7e8000 	C:\Windows\System32\SHELL32.dll
0x00007fff9b7f0000 - 0x00007fff9b995000 	C:\Windows\System32\ole32.dll
0x00007fff963c0000 - 0x00007fff96cbe000 	C:\Windows\SYSTEM32\windows.storage.dll
0x00007fff96280000 - 0x00007fff963bf000 	C:\Windows\SYSTEM32\wintypes.dll
0x00007fff99ed0000 - 0x00007fff99fc9000 	C:\Windows\System32\SHCORE.dll
0x00007fff99c40000 - 0x00007fff99c9e000 	C:\Windows\System32\shlwapi.dll
0x00007fff98c40000 - 0x00007fff98c61000 	C:\Windows\SYSTEM32\profapi.dll
0x00007fff499b0000 - 0x00007fff49a87000 	C:\Users\giacc\.jdks\openjdk-22.0.2\bin\jsvml.dll
0x00007fff79c50000 - 0x00007fff79c67000 	C:\Users\giacc\.jdks\openjdk-22.0.2\bin\zip.dll
0x00007fff88e60000 - 0x00007fff88e70000 	C:\Users\giacc\.jdks\openjdk-22.0.2\bin\net.dll
0x00007fff97940000 - 0x00007fff979a9000 	C:\Windows\system32\mswsock.dll
0x00007fff7fec0000 - 0x00007fff7fed6000 	C:\Users\giacc\.jdks\openjdk-22.0.2\bin\nio.dll
0x00007fff73780000 - 0x00007fff7379a000 	C:\Program Files\JetBrains\IntelliJ IDEA Community Edition 2024.1\bin\breakgen64.dll
0x00007fff7a2d0000 - 0x00007fff7a2d9000 	C:\Users\giacc\.jdks\openjdk-22.0.2\bin\extnet.dll
0x00007fff79c40000 - 0x00007fff79c50000 	C:\Users\giacc\.jdks\openjdk-22.0.2\bin\verify.dll
0x00007fff7f6e0000 - 0x00007fff7f6ea000 	C:\Users\giacc\.jdks\openjdk-22.0.2\bin\management.dll
0x00007fff7b280000 - 0x00007fff7b28b000 	C:\Users\giacc\.jdks\openjdk-22.0.2\bin\management_ext.dll
0x00007fff99720000 - 0x00007fff99728000 	C:\Windows\System32\PSAPI.DLL
0x00007fff76e50000 - 0x00007fff76e5b000 	C:\Users\giacc\.jdks\openjdk-22.0.2\bin\le.dll
0x00007fff78eb0000 - 0x00007fff78ebe000 	C:\Users\giacc\.jdks\openjdk-22.0.2\bin\sunmscapi.dll
0x00007fff98d10000 - 0x00007fff98e77000 	C:\Windows\System32\CRYPT32.dll
0x00007fff97f20000 - 0x00007fff97f4e000 	C:\Windows\SYSTEM32\ncrypt.dll
0x00007fff97ee0000 - 0x00007fff97f17000 	C:\Windows\SYSTEM32\NTASN1.dll
0x00007fff989a0000 - 0x00007fff989bb000 	C:\Windows\SYSTEM32\CRYPTSP.dll
0x00007fff97700000 - 0x00007fff97735000 	C:\Windows\system32\rsaenh.dll
0x00007fff97d50000 - 0x00007fff97d78000 	C:\Windows\SYSTEM32\USERENV.dll
0x00007fff97e10000 - 0x00007fff97e1c000 	C:\Windows\SYSTEM32\CRYPTBASE.dll
0x00007fff96f90000 - 0x00007fff96fbd000 	C:\Windows\SYSTEM32\IPHLPAPI.DLL
0x00007fff9a200000 - 0x00007fff9a209000 	C:\Windows\System32\NSI.dll
0x00007fff97000000 - 0x00007fff970f8000 	C:\Windows\SYSTEM32\DNSAPI.dll
0x00007fff938a0000 - 0x00007fff938aa000 	C:\Windows\System32\rasadhlp.dll
0x00007fff93da0000 - 0x00007fff93e23000 	C:\Windows\System32\fwpuclnt.dll
0x00007fff900d0000 - 0x00007fff900d8000 	C:\Windows\system32\wshunix.dll

dbghelp: loaded successfully - version: 4.0.5 - missing functions: none
symbol engine: initialized successfully - sym options: 0x614 - pdb path: .;C:\Users\giacc\.jdks\openjdk-22.0.2\bin;C:\Windows\SYSTEM32;C:\Windows\WinSxS\amd64_microsoft.windows.common-controls_6595b64144ccf1df_6.0.22621.3672_none_2713b9d173822955;C:\Users\giacc\.jdks\openjdk-22.0.2\bin\server;C:\Program Files\JetBrains\IntelliJ IDEA Community Edition 2024.1\bin

VM Arguments:
jvm_args: -javaagent:C:\Program Files\JetBrains\IntelliJ IDEA Community Edition 2024.1\lib\idea_rt.jar=50302:C:\Program Files\JetBrains\IntelliJ IDEA Community Edition 2024.1\bin -Dfile.encoding=UTF-8 -Dsun.stdout.encoding=UTF-8 -Dsun.stderr.encoding=UTF-8 
java_command: com.ThreeGame.ThreeGame.ThreeGameApplication
java_class_path (initial): C:\Users\giacc\Desktop\phaser-3game-flapyFirst\ThreeGame\target\classes;C:\Users\giacc\.m2\repository\org\springframework\boot\spring-boot-starter-data-jpa\3.4.0-SNAPSHOT\spring-boot-starter-data-jpa-3.4.0-20240902.045150-272.jar;C:\Users\giacc\.m2\repository\org\springframework\boot\spring-boot-starter-aop\3.4.0-SNAPSHOT\spring-boot-starter-aop-3.4.0-20240902.045150-272.jar;C:\Users\giacc\.m2\repository\org\aspectj\aspectjweaver\1.9.22.1\aspectjweaver-1.9.22.1.jar;C:\Users\giacc\.m2\repository\org\springframework\boot\spring-boot-starter-jdbc\3.4.0-SNAPSHOT\spring-boot-starter-jdbc-3.4.0-20240902.045150-272.jar;C:\Users\giacc\.m2\repository\com\zaxxer\HikariCP\5.1.0\HikariCP-5.1.0.jar;C:\Users\giacc\.m2\repository\org\springframework\spring-jdbc\6.2.0-M7\spring-jdbc-6.2.0-M7.jar;C:\Users\giacc\.m2\repository\org\hibernate\orm\hibernate-core\6.6.0.Final\hibernate-core-6.6.0.Final.jar;C:\Users\giacc\.m2\repository\jakarta\persistence\jakarta.persistence-api\3.1.0\jakarta.persistence-api-3.1.0.jar;C:\Users\giacc\.m2\repository\jakarta\transaction\jakarta.transaction-api\2.0.1\jakarta.transaction-api-2.0.1.jar;C:\Users\giacc\.m2\repository\org\jboss\logging\jboss-logging\3.6.0.Final\jboss-logging-3.6.0.Final.jar;C:\Users\giacc\.m2\repository\org\hibernate\common\hibernate-commons-annotations\7.0.1.Final\hibernate-commons-annotations-7.0.1.Final.jar;C:\Users\giacc\.m2\repository\io\smallrye\jandex\3.2.0\jandex-3.2.0.jar;C:\Users\giacc\.m2\repository\com\fasterxml\classmate\1.7.0\classmate-1.7.0.jar;C:\Users\giacc\.m2\repository\net\bytebuddy\byte-buddy\1.14.19\byte-buddy-1.14.19.jar;C:\Users\giacc\.m2\repository\org\glassfish\jaxb\jaxb-runtime\4.0.5\jaxb-runtime-4.0.5.jar;C:\Users\giacc\.m2\repository\org\glassfish\jaxb\jaxb-core\4.0.5\jaxb-core-4.0.5.jar;C:\Users\giacc\.m2\repository\org\eclipse\angus\angus-activation\2.0.2\angus-activation-2.0.2.jar;C:\Users\giacc\.m2\repository\org\glassfish\jaxb\txw2\4.0.5\txw2-4.0.5.jar;C:\Users\giacc\.m2\repository\com\sun\istack\istack-commons-runtime\4.1.2\istack-commons-runtime-4.1.2.jar;C:\Users\giacc\.m2\repository\jakarta\inject\jakarta.inject-api\2.0.1\jakarta.inject-api-2.0.1.jar;C:\Users\giacc\.m2\repository\org\antlr\antlr4-runtime\4.13.0\antlr4-runtime-4.13.0.jar;C:\Users\giacc\.m2\repository\org\springframework\data\spring-data-jpa\3.3.3\spring-data-jpa-3.3.3.jar;C:\Users\giacc\.m2\repository\org\springframework\data\spring-data-commons\3.3.3\spring-data-commons-3.3.3.jar;C:\Users\giacc\.m2\repository\org\springframework\spring-orm\6.2.0-M7\spring-orm-6.2.0-M7.jar;C:\Users\giacc\.m2\repository\org\springframework\spring-context\6.2.0-M7\spring-context-6.2.0-M7.jar;C:\Users\giacc\.m2\repository\org\springframework\spring-tx\6.2.0-M7\spring-tx-6.2.0-M7.jar;C:\Users\giacc\.m2\repository\org\springframework\spring-beans\6.2.0-M7\spring-beans-6.2.0-M7.jar;C:\Users\giacc\.m2\repository\jakarta\annotation\jakarta.annotation-api\2.1.1\jakarta.annotation-api-2.1.1.jar;C:\Users\giacc\.m2\repository\org\slf4j\slf4j-api\2.0.16\slf4j-api-2.0.16.jar;C:\Users\giacc\.m2\repository\org\springframework\spring-aspects\6.2.0-M7\spring-aspects-6.2.0-M7.jar;C:\Users\giacc\.m2\repository\org\springframework\boot\spring-boot-starter-security\3.4.0-SNAPSHOT\spring-boot-starter-security-3.4.0-20240902.045150-272.jar;C:\Users\giacc\.m2\repository\org\springframework\boot\spring-boot-starter\3.4.0-SNAPSHOT\spring-boot-starter-3.4.0-20240902.045150-272.jar;C:\Users\giacc\.m2\repository\org\yaml\snakeyaml\2.2\snakeyaml-2.2.jar;C:\Users\giacc\.m2\repository\org\springframework\spring-aop\6.2.0-M7\spring-aop-6.2.0-M7.jar;C:\Users\giacc\.m2\repository\org\springframework\security\spring-security-config\6.4.0-M3\spring-security-config-6.4.0-M3.jar;C:\Users\giacc\.m2\repository\org\springframework\security\spring-security-web\6.4.0-M3\spring-security-web-6.4.0-M3.jar;C:\Users\giacc\.m2\repository\org\springframework\spring-expression\6.2.0-M7\spring-expression-6.2.0-M7.jar;C:\Users\giacc\.m2\repository\org\springframework\boot\spring-boot-starter-validation\3.4.0-SNAPSHOT\spring-boot-starter-validation-3.4.0-20240902.045150-272.jar;C:\Users\giacc\.m2\repository\org\apache\tomcat\embed\tomcat-embed-el\10.1.28\tomcat-embed-el-10.1.28.jar;C:\Users\giacc\.m2\repository\org\hibernate\validator\hibernate-validator\8.0.1.Final\hibernate-validator-8.0.1.Final.jar;C:\Users\giacc\.m2\repository\jakarta\validation\jakarta.validation-api\3.0.2\jakarta.validation-api-3.0.2.jar;C:\Users\giacc\.m2\repository\org\springframework\boot\spring-boot-starter-web\3.4.0-SNAPSHOT\spring-boot-starter-web-3.4.0-20240902.045150-272.jar;C:\Users\giacc\.m2\repository\org\springframework\boot\spring-boot-starter-json\3.4.0-SNAPSHOT\spring-boot-starter-json-3.4.0-20240902.045150-272.jar;C:\Users\giacc\.m2\repository\com\fasterxml\jackson\datatype\jackson-datatype-jdk8\2.17.2\jackson-datatype-jdk8-2.17.2.jar;C:\Users\giacc\.m2\repository\com\fasterxml\jackson\datatype\jackson-datatype-jsr310\2.17.2\jackson-datatype-jsr310-2.17.2.jar;C:\Users\giacc\.m2\repository\com\fasterxml\jackson\module\jackson-module-parameter-names\2.17.2\jackson-module-parameter-names-2.17.2.jar;C:\Users\giacc\.m2\repository\org\springframework\boot\spring-boot-starter-tomcat\3.4.0-SNAPSHOT\spring-boot-starter-tomcat-3.4.0-20240902.045150-272.jar;C:\Users\giacc\.m2\repository\org\apache\tomcat\embed\tomcat-embed-core\10.1.28\tomcat-embed-core-10.1.28.jar;C:\Users\giacc\.m2\repository\org\apache\tomcat\embed\tomcat-embed-websocket\10.1.28\tomcat-embed-websocket-10.1.28.jar;C:\Users\giacc\.m2\repository\org\springframework\spring-web\6.2.0-M7\spring-web-6.2.0-M7.jar;C:\Users\giacc\.m2\repository\io\micrometer\micrometer-observation\1.14.0-M2\micrometer-observation-1.14.0-M2.jar;C:\Users\giacc\.m2\repository\io\micrometer\micrometer-commons\1.14.0-M2\micrometer-commons-1.14.0-M2.jar;C:\Users\giacc\.m2\repository\org\springframework\spring-webmvc\6.2.0-M7\spring-webmvc-6.2.0-M7.jar;C:\Users\giacc\.m2\repository\org\springframework\boot\spring-boot-starter-oauth2-client\3.4.0-SNAPSHOT\spring-boot-starter-oauth2-client-3.4.0-20240902.045150-272.jar;C:\Users\giacc\.m2\repository\org\springframework\security\spring-security-core\6.4.0-M3\spring-security-core-6.4.0-M3.jar;C:\Users\giacc\.m2\repository\org\springframework\security\spring-security-crypto\6.4.0-M3\spring-security-crypto-6.4.0-M3.jar;C:\Users\giacc\.m2\repository\org\springframework\security\spring-security-oauth2-client\6.4.0-M3\spring-security-oauth2-client-6.4.0-M3.jar;C:\Users\giacc\.m2\repository\org\springframework\security\spring-security-oauth2-core\6.4.0-M3\spring-security-oauth2-core-6.4.0-M3.jar;C:\Users\giacc\.m2\repository\com\nimbusds\oauth2-oidc-sdk\9.43.4\oauth2-oidc-sdk-9.43.4.jar;C:\Users\giacc\.m2\repository\com\github\stephenc\jcip\jcip-annotations\1.0-1\jcip-annotations-1.0-1.jar;C:\Users\giacc\.m2\repository\com\nimbusds\content-type\2.2\content-type-2.2.jar;C:\Users\giacc\.m2\repository\com\nimbusds\lang-tag\1.7\lang-tag-1.7.jar;C:\Users\giacc\.m2\repository\org\springframework\security\spring-security-oauth2-jose\6.4.0-M3\spring-security-oauth2-jose-6.4.0-M3.jar;C:\Users\giacc\.m2\repository\com\nimbusds\nimbus-jose-jwt\9.37.3\nimbus-jose-jwt-9.37.3.jar;C:\Users\giacc\.m2\repository\org\springframework\boot\spring-boot-starter-oauth2-resource-server\3.4.0-SNAPSHOT\spring-boot-starter-oauth2-resource-server-3.4.0-20240902.045150-272.jar;C:\Users\giacc\.m2\repository\org\springframework\security\spring-security-oauth2-resource-server\6.4.0-M3\spring-security-oauth2-resource-server-6.4.0-M3.jar;C:\Users\giacc\.m2\repository\com\google\api-client\google-api-client\2.6.0\google-api-client-2.6.0.jar;C:\Users\giacc\.m2\repository\commons-codec\commons-codec\1.17.1\commons-codec-1.17.1.jar;C:\Users\giacc\.m2\repository\com\google\oauth-client\google-oauth-client\1.36.0\google-oauth-client-1.36.0.jar;C:\Users\giacc\.m2\repository\com\google\auth\google-auth-library-credentials\1.23.0\google-auth-library-credentials-1.23.0.jar;C:\Users\giacc\.m2\repository\com\google\auth\google-auth-library-oauth2-http\1.23.0\google-auth-library-oauth2-http-1.23.0.jar;C:\Users\giacc\.m2\repository\com\google\auto\value\auto-value-annotations\1.10.4\auto-value-annotations-1.10.4.jar;C:\Users\giacc\.m2\repository\com\google\code\findbugs\jsr305\3.0.2\jsr305-3.0.2.jar;C:\Users\giacc\.m2\repository\com\google\errorprone\error_prone_annotations\2.18.0\error_prone_annotations-2.18.0.jar;C:\Users\giacc\.m2\repository\com\google\http-client\google-http-client-gson\1.44.2\google-http-client-gson-1.44.2.jar;C:\Users\giacc\.m2\repository\com\google\code\gson\gson\2.11.0\gson-2.11.0.jar;C:\Users\giacc\.m2\repository\com\google\guava\guava\33.1.0-jre\guava-33.1.0-jre.jar;C:\Users\giacc\.m2\repository\com\google\guava\failureaccess\1.0.2\failureaccess-1.0.2.jar;C:\Users\giacc\.m2\repository\com\google\guava\listenablefuture\9999.0-empty-to-avoid-conflict-with-guava\listenablefuture-9999.0-empty-to-avoid-conflict-with-guava.jar;C:\Users\giacc\.m2\repository\com\google\j2objc\j2objc-annotations\3.0.0\j2objc-annotations-3.0.0.jar;C:\Users\giacc\.m2\repository\com\google\http-client\google-http-client-apache-v2\1.44.2\google-http-client-apache-v2-1.44.2.jar;C:\Users\giacc\.m2\repository\org\apache\httpcomponents\httpcore\4.4.16\httpcore-4.4.16.jar;C:\Users\giacc\.m2\repository\org\apache\httpcomponents\httpclient\4.5.14\httpclient-4.5.14.jar;C:\Users\giacc\.m2\repository\commons-logging\commons-logging\1.2\commons-logging-1.2.jar;C:\Users\giacc\.m2\repository\com\google\http-client\google-http-client\1.44.2\google-http-client-1.44.2.jar;C:\Users\giacc\.m2\repository\io\grpc\grpc-context\1.60.1\grpc-context-1.60.1.jar;C:\Users\giacc\.m2\repository\io\grpc\grpc-api\1.60.1\grpc-api-1.60.1.jar;C:\Users\giacc\.m2\repository\io\opencensus\opencensus-api\0.31.1\opencensus-api-0.31.1.jar;C:\Users\giacc\.m2\repository\io\opencensus\opencensus-contrib-http-util\0.31.1\opencensus-contrib-http-util-0.31.1.jar;C:\Users\giacc\.m2\repository\org\springframework\boot\spring-boot-starter-webflux\3.4.0-SNAPSHOT\spring-boot-starter-webflux-3.4.0-20240902.045150-272.jar;C:\Users\giacc\.m2\repository\org\springframework\boot\spring-boot-starter-reactor-netty\3.4.0-SNAPSHOT\spring-boot-starter-reactor-netty-3.4.0-20240902.045150-272.jar;C:\Users\giacc\.m2\repository\io\projectreactor\netty\reactor-netty-http\1.2.0-M5\reactor-netty-http-1.2.0-M5.jar;C:\Users\giacc\.m2\repository\io\netty\netty-codec-http\4.1.112.Final\netty-codec-http-4.1.112.Final.jar;C:\Users\giacc\.m2\repository\io\netty\netty-common\4.1.112.Final\netty-common-4.1.112.Final.jar;C:\Users\giacc\.m2\repository\io\netty\netty-buffer\4.1.112.Final\netty-buffer-4.1.112.Final.jar;C:\Users\giacc\.m2\repository\io\netty\netty-transport\4.1.112.Final\netty-transport-4.1.112.Final.jar;C:\Users\giacc\.m2\repository\io\netty\netty-codec\4.1.112.Final\netty-codec-4.1.112.Final.jar;C:\Users\giacc\.m2\repository\io\netty\netty-handler\4.1.112.Final\netty-handler-4.1.112.Final.jar;C:\Users\giacc\.m2\repository\io\netty\netty-codec-http2\4.1.112.Final\netty-codec-http2-4.1.112.Final.jar;C:\Users\giacc\.m2\repository\io\netty\netty-resolver-dns\4.1.112.Final\netty-resolver-dns-4.1.112.Final.jar;C:\Users\giacc\.m2\repository\io\netty\netty-resolver\4.1.112.Final\netty-resolver-4.1.112.Final.jar;C:\Users\giacc\.m2\repository\io\netty\netty-codec-dns\4.1.112.Final\netty-codec-dns-4.1.112.Final.jar;C:\Users\giacc\.m2\repository\io\netty\netty-resolver-dns-native-macos\4.1.112.Final\netty-resolver-dns-native-macos-4.1.112.Final-osx-x86_64.jar;C:\Users\giacc\.m2\repository\io\netty\netty-resolver-dns-classes-macos\4.1.112.Final\netty-resolver-dns-classes-macos-4.1.112.Final.jar;C:\Users\giacc\.m2\repository\io\netty\netty-transport-native-epoll\4.1.112.Final\netty-transport-native-epoll-4.1.112.Final-linux-x86_64.jar;C:\Users\giacc\.m2\repository\io\netty\netty-transport-native-unix-common\4.1.112.Final\netty-transport-native-unix-common-4.1.112.Final.jar;C:\Users\giacc\.m2\repository\io\netty\netty-transport-classes-epoll\4.1.112.Final\netty-transport-classes-epoll-4.1.112.Final.jar;C:\Users\giacc\.m2\repository\io\projectreactor\netty\reactor-netty-core\1.2.0-M5\reactor-netty-core-1.2.0-M5.jar;C:\Users\giacc\.m2\repository\io\netty\netty-handler-proxy\4.1.112.Final\netty-handler-proxy-4.1.112.Final.jar;C:\Users\giacc\.m2\repository\io\netty\netty-codec-socks\4.1.112.Final\netty-codec-socks-4.1.112.Final.jar;C:\Users\giacc\.m2\repository\org\springframework\spring-webflux\6.2.0-M7\spring-webflux-6.2.0-M7.jar;C:\Users\giacc\.m2\repository\io\projectreactor\reactor-core\3.7.0-M5\reactor-core-3.7.0-M5.jar;C:\Users\giacc\.m2\repository\org\reactivestreams\reactive-streams\1.0.4\reactive-streams-1.0.4.jar;C:\Users\giacc\.m2\repository\org\springframework\boot\spring-boot-starter-thymeleaf\3.4.0-SNAPSHOT\spring-boot-starter-thymeleaf-3.4.0-20240902.045150-272.jar;C:\Users\giacc\.m2\repository\org\thymeleaf\thymeleaf-spring6\3.1.2.RELEASE\thymeleaf-spring6-3.1.2.RELEASE.jar;C:\Users\giacc\.m2\repository\org\thymeleaf\thymeleaf\3.1.2.RELEASE\thymeleaf-3.1.2.RELEASE.jar;C:\Users\giacc\.m2\repository\org\attoparser\attoparser\2.0.7.RELEASE\attoparser-2.0.7.RELEASE.jar;C:\Users\giacc\.m2\repository\org\unbescape\unbescape\1.1.6.RELEASE\unbescape-1.1.6.RELEASE.jar;C:\Users\giacc\.m2\repository\org\springframework\boot\spring-boot-devtools\3.4.0-SNAPSHOT\spring-boot-devtools-3.4.0-20240902.045150-272.jar;C:\Users\giacc\.m2\repository\org\springframework\boot\spring-boot\3.4.0-SNAPSHOT\spring-boot-3.4.0-20240902.045150-272.jar;C:\Users\giacc\.m2\repository\org\springframework\boot\spring-boot-autoconfigure\3.4.0-SNAPSHOT\spring-boot-autoconfigure-3.4.0-20240902.045150-272.jar;C:\Users\giacc\.m2\repository\org\springframework\boot\spring-boot-starter-logging\3.4.0-SNAPSHOT\spring-boot-starter-logging-3.4.0-20240902.045150-272.jar;C:\Users\giacc\.m2\repository\ch\qos\logback\logback-classic\1.5.7\logback-classic-1.5.7.jar;C:\Users\giacc\.m2\repository\ch\qos\logback\logback-core\1.5.7\logback-core-1.5.7.jar;C:\Users\giacc\.m2\repository\org\apache\logging\log4j\log4j-to-slf4j\2.23.1\log4j-to-slf4j-2.23.1.jar;C:\Users\giacc\.m2\repository\org\apache\logging\log4j\log4j-api\2.23.1\log4j-api-2.23.1.jar;C:\Users\giacc\.m2\repository\org\slf4j\jul-to-slf4j\2.0.16\jul-to-slf4j-2.0.16.jar;C:\Users\giacc\.m2\repository\org\postgresql\postgresql\42.7.3\postgresql-42.7.3.jar;C:\Users\giacc\.m2\repository\org\checkerframework\checker-qual\3.42.0\checker-qual-3.42.0.jar;C:\Users\giacc\.m2\repository\org\projectlombok\lombok\1.18.34\lombok-1.18.34.jar;C:\Users\giacc\.m2\repository\jakarta\xml\bind\jakarta.xml.bind-api\4.0.2\jakarta.xml.bind-api-4.0.2.jar;C:\Users\giacc\.m2\repository\jakarta\activation\jakarta.activation-api\2.1.3\jakarta.activation-api-2.1.3.jar;C:\Users\giacc\.m2\repository\net\minidev\json-smart\2.5.1\json-smart-2.5.1.jar;C:\Users\giacc\.m2\repository\net\minidev\accessors-smart\2.5.1\accessors-smart-2.5.1.jar;C:\Users\giacc\.m2\repository\org\ow2\asm\asm\9.6\asm-9.6.jar;C:\Users\giacc\.m2\repository\org\springframework\spring-core\6.2.0-M7\spring-core-6.2.0-M7.jar;C:\Users\giacc\.m2\repository\org\springframework\spring-jcl\6.2.0-M7\spring-jcl-6.2.0-M7.jar;C:\Users\giacc\.m2\repository\io\jsonwebtoken\jjwt-api\0.12.6\jjwt-api-0.12.6.jar;C:\Users\giacc\.m2\repository\io\jsonwebtoken\jjwt-impl\0.12.6\jjwt-impl-0.12.6.jar;C:\Users\giacc\.m2\repository\io\jsonwebtoken\jjwt\0.12.6\jjwt-0.12.6.jar;C:\Users\giacc\.m2\repository\io\jsonwebtoken\jjwt-jackson\0.12.6\jjwt-jackson-0.12.6.jar;C:\Users\giacc\.m2\repository\com\fasterxml\jackson\core\jackson-databind\2.17.2\jackson-databind-2.17.2.jar;C:\Users\giacc\.m2\repository\com\fasterxml\jackson\core\jackson-annotations\2.17.2\jackson-annotations-2.17.2.jar;C:\Users\giacc\.m2\repository\com\fasterxml\jackson\core\jackson-core\2.17.2\jackson-core-2.17.2.jar;C:\Users\giacc\.m2\repository\org\mapstruct\mapstruct-processor\1.5.5.Final\mapstruct-processor-1.5.5.Final.jar;C:\Users\giacc\.m2\repository\org\mapstruct\mapstruct\1.5.5.Final\mapstruct-1.5.5.Final.jar
Launcher Type: SUN_STANDARD

[Global flags]
     intx CICompilerCount                          = 15                                        {product} {ergonomic}
     uint ConcGCThreads                            = 6                                         {product} {ergonomic}
     uint G1ConcRefinementThreads                  = 23                                        {product} {ergonomic}
   size_t G1HeapRegionSize                         = 4194304                                   {product} {ergonomic}
   size_t InitialHeapSize                          = 532676608                                 {product} {ergonomic}
   size_t MarkStackSize                            = 4194304                                   {product} {ergonomic}
   size_t MaxHeapSize                              = 8510242816                                {product} {ergonomic}
   size_t MaxNewSize                               = 5104467968                                {product} {ergonomic}
   size_t MinHeapDeltaBytes                        = 4194304                                   {product} {ergonomic}
   size_t MinHeapSize                              = 8388608                                   {product} {ergonomic}
    uintx NonNMethodCodeHeapSize                   = 8192380                                {pd product} {ergonomic}
    uintx NonProfiledCodeHeapSize                  = 121732930                              {pd product} {ergonomic}
    uintx ProfiledCodeHeapSize                     = 121732930                              {pd product} {ergonomic}
    uintx ReservedCodeCacheSize                    = 251658240                              {pd product} {ergonomic}
     bool SegmentedCodeCache                       = true                                      {product} {ergonomic}
   size_t SoftMaxHeapSize                          = 8510242816                             {manageable} {ergonomic}
     bool UseCompressedOops                        = true                           {product lp64_product} {ergonomic}
     bool UseG1GC                                  = true                                      {product} {ergonomic}
     bool UseLargePagesIndividualAllocation        = false                                  {pd product} {ergonomic}

Logging:
Log output configuration:
 #0: stdout all=warning uptime,level,tags foldmultilines=false
 #1: stderr all=off uptime,level,tags foldmultilines=false

Environment Variables:
PATH=C:\Windows\system32;C:\Windows;C:\Windows\System32\Wbem;C:\Windows\System32\WindowsPowerShell\v1.0\;C:\Windows\System32\OpenSSH\;C:\Program Files\dotnet\;C:\Program Files (x86)\NVIDIA Corporation\PhysX\Common;C:\Program Files\NVIDIA Corporation\NVIDIA NvDLISR;C:\Program Files (x86)\Windows Kits\10\Windows Performance Toolkit\;C:\Program Files\Git\cmd;C:\Program Files\nodejs\;C:\Users\giacc\AppData\Local\Programs\Python\Python312\Scripts\;C:\Users\giacc\AppData\Local\Programs\Python\Python312\;C:\Users\giacc\AppData\Local\Programs\Python\Launcher\;C:\Users\giacc\AppData\Local\Microsoft\WindowsApps;C:\Users\giacc\AppData\Local\Programs\Microsoft VS Code\bin;C:\Users\giacc\AppData\Roaming\npm
USERNAME=giacc
OS=Windows_NT
PROCESSOR_IDENTIFIER=Intel64 Family 6 Model 183 Stepping 1, GenuineIntel
TMP=C:\Users\giacc\AppData\Local\Temp
TEMP=C:\Users\giacc\AppData\Local\Temp




Periodic native trim disabled

---------------  S Y S T E M  ---------------

OS:
 Windows 11 , 64 bit Build 22621 (10.0.22621.3958)
OS uptime: 1 days 2:49 hours
Hyper-V role detected

CPU: total 32 (initial active 32) (16 cores per cpu, 2 threads per core) family 6 model 183 stepping 1 microcode 0x129, cx8, cmov, fxsr, ht, mmx, 3dnowpref, sse, sse2, sse3, ssse3, sse4.1, sse4.2, popcnt, lzcnt, tsc, tscinvbit, avx, avx2, aes, erms, clmul, bmi1, bmi2, adx, sha, fma, vzeroupper, clflush, clflushopt, clwb, hv, serialize, rdtscp, rdpid, fsrm, f16c, cet_ibt, cet_ss
Processor Information for processor 0
  Max Mhz: 2200, Current Mhz: 2200, Mhz Limit: 2200
Processor Information for processor 1
  Max Mhz: 2200, Current Mhz: 1466, Mhz Limit: 2200
Processor Information for processor 2
  Max Mhz: 2200, Current Mhz: 2200, Mhz Limit: 2200
Processor Information for processor 3
  Max Mhz: 2200, Current Mhz: 2200, Mhz Limit: 2200
Processor Information for processor 4
  Max Mhz: 2200, Current Mhz: 2200, Mhz Limit: 2200
Processor Information for processor 5
  Max Mhz: 2200, Current Mhz: 2200, Mhz Limit: 2200
Processor Information for processor 6
  Max Mhz: 2200, Current Mhz: 2200, Mhz Limit: 2200
Processor Information for processor 7
  Max Mhz: 2200, Current Mhz: 2200, Mhz Limit: 2200
Processor Information for processor 8
  Max Mhz: 2200, Current Mhz: 2200, Mhz Limit: 2200
Processor Information for processor 9
  Max Mhz: 2200, Current Mhz: 1466, Mhz Limit: 2200
Processor Information for processor 10
  Max Mhz: 2200, Current Mhz: 2200, Mhz Limit: 2200
Processor Information for processor 11
  Max Mhz: 2200, Current Mhz: 1466, Mhz Limit: 2200
Processor Information for processor 12
  Max Mhz: 2200, Current Mhz: 2200, Mhz Limit: 2200
Processor Information for processor 13
  Max Mhz: 2200, Current Mhz: 2200, Mhz Limit: 2200
Processor Information for processor 14
  Max Mhz: 2200, Current Mhz: 2200, Mhz Limit: 2200
Processor Information for processor 15
  Max Mhz: 2200, Current Mhz: 1466, Mhz Limit: 2200
Processor Information for processor 16
  Max Mhz: 2200, Current Mhz: 2200, Mhz Limit: 2200
Processor Information for processor 17
  Max Mhz: 2200, Current Mhz: 1512, Mhz Limit: 2200
Processor Information for processor 18
  Max Mhz: 2200, Current Mhz: 2200, Mhz Limit: 2200
Processor Information for processor 19
  Max Mhz: 2200, Current Mhz: 1512, Mhz Limit: 2200
Processor Information for processor 20
  Max Mhz: 2200, Current Mhz: 1512, Mhz Limit: 2200
Processor Information for processor 21
  Max Mhz: 2200, Current Mhz: 1512, Mhz Limit: 2200
Processor Information for processor 22
  Max Mhz: 2200, Current Mhz: 1512, Mhz Limit: 2200
Processor Information for processor 23
  Max Mhz: 2200, Current Mhz: 1512, Mhz Limit: 2200
Processor Information for processor 24
  Max Mhz: 2200, Current Mhz: 1512, Mhz Limit: 2200
Processor Information for processor 25
  Max Mhz: 2200, Current Mhz: 1512, Mhz Limit: 2200
Processor Information for processor 26
  Max Mhz: 2200, Current Mhz: 2200, Mhz Limit: 2200
Processor Information for processor 27
  Max Mhz: 2200, Current Mhz: 1512, Mhz Limit: 2200
Processor Information for processor 28
  Max Mhz: 2200, Current Mhz: 1512, Mhz Limit: 2200
Processor Information for processor 29
  Max Mhz: 2200, Current Mhz: 1512, Mhz Limit: 2200
Processor Information for processor 30
  Max Mhz: 2200, Current Mhz: 1512, Mhz Limit: 2200
Processor Information for processor 31
  Max Mhz: 2200, Current Mhz: 1512, Mhz Limit: 2200

Memory: 4k page, system-wide physical 32456M (14552M free)
TotalPageFile size 35528M (AvailPageFile size 13876M)
current process WorkingSet (physical memory assigned to process): 317M, peak: 402M
current process commit charge ("private bytes"): 387M, peak: 746M

vm_info: OpenJDK 64-Bit Server VM (22.0.2+9-70) for windows-amd64 JRE (22.0.2+9-70), built on 2024-06-04T16:52:23Z by "mach5one" with MS VC++ 17.6 (VS2022)

END.
